2024-02-04 10:26:04,430 [INFO] Activator:176 - 


2024-02-04 10:26:04,432 [INFO] Activator:177 - !SESSION log4j initialized
2024-02-04 10:26:07,678 [INFO] LogOutputStream:77 - [STDOUT_REDIRECT] 
2024-02-04 10:26:10,382 [INFO] ApplicationProperties:184 - Using Application install path: C:\ST\STM32CubeIDE_1.12.1\STM32CubeIDE\plugins\com.st.stm32cube.common.mx_6.9.0.202307051724
2024-02-04 10:26:10,404 [INFO] DbMcusXml:78 - Set database path to: C:\ST\STM32CubeIDE_1.12.1\STM32CubeIDE\plugins\com.st.stm32cube.common.mx_6.9.0.202307051724\\db\/mcu/
2024-02-04 10:26:10,405 [INFO] ApiDb:274 - Set plugin database path to: C:\ST\STM32CubeIDE_1.12.1\STM32CubeIDE\plugins\com.st.stm32cube.common.mx_6.9.0.202307051724\\db\/plugins/boardmanager/
2024-02-04 10:26:10,405 [WARN] ApiDb:259 - Overriding images path with different value:  => C:\ST\STM32CubeIDE_1.12.1\STM32CubeIDE\plugins\com.st.stm32cube.common.mx_6.9.0.202307051724\\db\/plugins/mcufinder/images/
2024-02-04 10:26:10,424 [INFO] ApiDb:250 - Set database path to: C:\Users\dmitr\.stmcufinder\plugins\mcufinder//mcu/
2024-02-04 10:26:10,425 [INFO] DbMcusAds:125 - Set database path to: C:\Users\dmitr\.stmcufinder\plugins\mcufinder//mcu/
2024-02-04 10:26:10,427 [INFO] CrossReferenceDbSqlite:203 - Set database path to: C:\Users\dmitr\.stmcufinder\plugins\mcufinder//mcu/cs/
2024-02-04 10:26:10,549 [INFO] RulesReader:64 - Compatibility file has been processed (293 Rules)
2024-02-04 10:26:10,661 [INFO] DbMcusXml:78 - Set database path to: C:\ST\STM32CubeIDE_1.12.1\STM32CubeIDE\plugins\com.st.stm32cube.common.mx_6.9.0.202307051724\\db\/mcu/
2024-02-04 10:26:10,661 [INFO] ApiDb:274 - Set plugin database path to: C:\ST\STM32CubeIDE_1.12.1\STM32CubeIDE\plugins\com.st.stm32cube.common.mx_6.9.0.202307051724\\db\/plugins/boardmanager/
2024-02-04 10:26:10,661 [INFO] ApiDb:261 - Set plugin images path to: C:\ST\STM32CubeIDE_1.12.1\STM32CubeIDE\plugins\com.st.stm32cube.common.mx_6.9.0.202307051724\\db\/plugins/mcufinder/images/
2024-02-04 10:26:10,661 [WARN] DbFile:41 - Overriding database path with different value: C:\Users\dmitr\.stmcufinder\plugins\mcufinder/ => C:\Users\dmitr\.stmcufinder\plugins\mcufinder
2024-02-04 10:26:10,662 [INFO] ApiDb:250 - Set database path to: C:\Users\dmitr\.stmcufinder\plugins\mcufinder//mcu/
2024-02-04 10:26:10,662 [WARN] DbFile:41 - Overriding database path with different value: C:\Users\dmitr\.stmcufinder\plugins\mcufinder/ => C:\Users\dmitr\.stmcufinder\plugins\mcufinder
2024-02-04 10:26:10,662 [INFO] DbMcusAds:125 - Set database path to: C:\Users\dmitr\.stmcufinder\plugins\mcufinder//mcu/
2024-02-04 10:26:10,662 [WARN] DbFile:41 - Overriding database path with different value: C:\Users\dmitr\.stmcufinder\plugins\mcufinder/ => C:\Users\dmitr\.stmcufinder\plugins\mcufinder
2024-02-04 10:26:10,662 [WARN] DbFile:41 - Overriding database path with different value: C:\Users\dmitr\.stmcufinder\plugins\mcufinder/ => C:\Users\dmitr\.stmcufinder\plugins\mcufinder
2024-02-04 10:26:10,662 [INFO] CrossReferenceDbSqlite:203 - Set database path to: C:\Users\dmitr\.stmcufinder\plugins\mcufinder//mcu/cs/
2024-02-04 10:26:10,756 [INFO] MainPanel:262 - HeapMemory: 268435456
2024-02-04 10:26:10,881 [INFO] DbMcusXml:78 - Set database path to: C:\ST\STM32CubeIDE_1.12.1\STM32CubeIDE\plugins\com.st.stm32cube.common.mx_6.9.0.202307051724\\db\/mcu/
2024-02-04 10:26:10,881 [INFO] ApiDb:274 - Set plugin database path to: C:\ST\STM32CubeIDE_1.12.1\STM32CubeIDE\plugins\com.st.stm32cube.common.mx_6.9.0.202307051724\\db\/plugins/boardmanager/
2024-02-04 10:26:10,881 [INFO] ApiDb:261 - Set plugin images path to: C:\ST\STM32CubeIDE_1.12.1\STM32CubeIDE\plugins\com.st.stm32cube.common.mx_6.9.0.202307051724\\db\/plugins/mcufinder/images/
2024-02-04 10:26:10,882 [WARN] DbFile:41 - Overriding database path with different value: C:\Users\dmitr\.stmcufinder\plugins\mcufinder/ => C:\Users\dmitr\.stmcufinder\plugins\mcufinder
2024-02-04 10:26:10,882 [INFO] ApiDb:250 - Set database path to: C:\Users\dmitr\.stmcufinder\plugins\mcufinder//mcu/
2024-02-04 10:26:10,883 [WARN] DbFile:41 - Overriding database path with different value: C:\Users\dmitr\.stmcufinder\plugins\mcufinder/ => C:\Users\dmitr\.stmcufinder\plugins\mcufinder
2024-02-04 10:26:10,883 [INFO] DbMcusAds:125 - Set database path to: C:\Users\dmitr\.stmcufinder\plugins\mcufinder//mcu/
2024-02-04 10:26:10,883 [WARN] DbFile:41 - Overriding database path with different value: C:\Users\dmitr\.stmcufinder\plugins\mcufinder/ => C:\Users\dmitr\.stmcufinder\plugins\mcufinder
2024-02-04 10:26:10,883 [WARN] DbFile:41 - Overriding database path with different value: C:\Users\dmitr\.stmcufinder\plugins\mcufinder/ => C:\Users\dmitr\.stmcufinder\plugins\mcufinder
2024-02-04 10:26:10,883 [INFO] CrossReferenceDbSqlite:203 - Set database path to: C:\Users\dmitr\.stmcufinder\plugins\mcufinder//mcu/cs/
2024-02-04 10:26:10,905 [INFO] ApplicationProperties:184 - Using Application install path: C:\ST\STM32CubeIDE_1.12.1\STM32CubeIDE\plugins\com.st.stm32cube.common.mx_6.9.0.202307051724
2024-02-04 10:26:10,906 [INFO] PluginManage:196 - Search for loadable plugins [exclusion list=, ]
2024-02-04 10:26:10,908 [INFO] PluginManage:310 - Check plugin analytics
2024-02-04 10:26:11,117 [INFO] AnalyticsPlugin:253 - Accepted Software Licenses: STM32CubeMX.6.9.0
2024-02-04 10:26:11,118 [INFO] AnalyticsPlugin:255 - Accepted CMSIS Pack Licenses: 
2024-02-04 10:26:11,118 [INFO] AnalyticsPlugin:257 - Accepted Firmware Licenses: FW.F4.1.27.0
2024-02-04 10:26:11,123 [INFO] PluginManage:359 - Loaded plugin analytics (category:tool,tabindex:-1)
2024-02-04 10:26:11,124 [INFO] PluginManage:310 - Check plugin cadmodel
2024-02-04 10:26:11,144 [INFO] CADModel:105 - Init CAD model plugin
2024-02-04 10:26:11,144 [INFO] PluginManage:359 - Loaded plugin cadmodel (category:power,tabindex:5)
2024-02-04 10:26:11,145 [INFO] PluginManage:310 - Check plugin clock
2024-02-04 10:26:11,166 [INFO] PluginManage:359 - Loaded plugin clock (category:base,tabindex:2)
2024-02-04 10:26:11,166 [INFO] PluginManage:310 - Check plugin ddr
2024-02-04 10:26:11,171 [INFO] PluginManage:359 - Loaded plugin ddr (category:tool,tabindex:6)
2024-02-04 10:26:11,172 [INFO] PluginManage:310 - Check plugin filemanager
2024-02-04 10:26:11,337 [INFO] PluginManage:359 - Loaded plugin filemanager (category:base,tabindex:10)
2024-02-04 10:26:11,337 [INFO] PluginManage:310 - Check plugin ipmanager
2024-02-04 10:26:11,347 [INFO] PluginManage:359 - Loaded plugin ipmanager (category:base,tabindex:5)
2024-02-04 10:26:11,348 [INFO] PluginManage:310 - Check plugin lpbam
2024-02-04 10:26:11,368 [INFO] PluginManage:359 - Loaded plugin lpbam (category:base,tabindex:0)
2024-02-04 10:26:11,369 [INFO] PluginManage:310 - Check plugin memorymap
2024-02-04 10:26:11,407 [INFO] PluginManage:359 - Loaded plugin memorymap (category:base,tabindex:4)
2024-02-04 10:26:11,407 [INFO] PluginManage:310 - Check plugin pinoutandconfiguration
2024-02-04 10:26:11,426 [INFO] PluginManage:359 - Loaded plugin pinoutandconfiguration (category:base,tabindex:1)
2024-02-04 10:26:11,426 [INFO] PluginManage:310 - Check plugin pinoutconfig
2024-02-04 10:26:11,550 [WARN] SupportedApi:132 - Cannot load RTOS API schema: s4s-elt-must-match.1: The content of 'definitions' must match (annotation?, (simpleType | complexType)?, (unique | key | keyref)*)). A problem was found starting at: attribute.
2024-02-04 10:26:11,694 [INFO] PluginManage:359 - Loaded plugin pinoutconfig (category:base,tabindex:0)
2024-02-04 10:26:11,694 [INFO] PluginManage:310 - Check plugin power
2024-02-04 10:26:11,717 [INFO] PluginManage:359 - Loaded plugin power (category:power,tabindex:4)
2024-02-04 10:26:11,717 [INFO] PluginManage:310 - Check plugin projectmanager
2024-02-04 10:26:11,731 [INFO] PluginManage:359 - Loaded plugin projectmanager (category:projectmanager,tabindex:3)
2024-02-04 10:26:11,731 [INFO] PluginManage:310 - Check plugin thirdparty
2024-02-04 10:26:12,024 [INFO] PluginManage:359 - Loaded plugin thirdparty (category:base,tabindex:-1)
2024-02-04 10:26:12,024 [INFO] PluginManage:310 - Check plugin tools
2024-02-04 10:26:12,024 [WARN] IntegrityCheckThread:84 - waiting for thirdparty lock release [integrity check]
2024-02-04 10:26:12,025 [INFO] IntegrityCheckThread:86 - entering critical section [integrity check]
2024-02-04 10:26:12,025 [INFO] ThirdPartyUpdaterWithRetryManager:70 - Updater plugin not ready yet. [1/15]
2024-02-04 10:26:12,061 [INFO] PluginManage:359 - Loaded plugin tools (category:base,tabindex:7)
2024-02-04 10:26:12,061 [INFO] PluginManage:310 - Check plugin tutovideos
2024-02-04 10:26:12,266 [INFO] PluginManage:359 - Loaded plugin tutovideos (category:base,tabindex:-1)
2024-02-04 10:26:12,266 [INFO] PluginManage:310 - Check plugin updater
2024-02-04 10:26:12,279 [INFO] PluginManage:359 - Loaded plugin updater (category:base,tabindex:12)
2024-02-04 10:26:12,280 [INFO] PluginManage:310 - Check plugin userauth
2024-02-04 10:26:12,285 [INFO] UserAuth:113 - Init User Auth plugin
2024-02-04 10:26:12,285 [INFO] PluginManage:359 - Loaded plugin userauth (category:base,tabindex:14)
2024-02-04 10:26:12,286 [INFO] PluginManage:283 - PluginManage : Loaded plugins [17]
2024-02-04 10:26:12,524 [INFO] PinOutPanel:1499 - setPackage(No Configuration,No Configuration)
2024-02-04 10:26:12,637 [INFO] CADModel:165 - CPN selected for project level
2024-02-04 10:26:12,637 [INFO] CADModel:114 - Register for checkConnection events
2024-02-04 10:26:12,665 [INFO] IPUIPlugin:80 - create IPUIPlugin
2024-02-04 10:26:12,666 [INFO] PluginManager:220 - loadIPPluginJar : add adc
2024-02-04 10:26:12,701 [INFO] IPUIPlugin:80 - create IPUIPlugin
2024-02-04 10:26:12,701 [INFO] PluginManager:220 - loadIPPluginJar : add aes
2024-02-04 10:26:12,742 [INFO] IPUIPlugin:80 - create IPUIPlugin
2024-02-04 10:26:12,742 [INFO] PluginManager:220 - loadIPPluginJar : add can
2024-02-04 10:26:12,767 [INFO] IPUIPlugin:80 - create IPUIPlugin
2024-02-04 10:26:12,767 [INFO] PluginManager:220 - loadIPPluginJar : add comp
2024-02-04 10:26:12,801 [INFO] IPUIPlugin:80 - create IPUIPlugin
2024-02-04 10:26:12,801 [INFO] PluginManager:220 - loadIPPluginJar : add cryp
2024-02-04 10:26:12,830 [INFO] IPUIPlugin:80 - create IPUIPlugin
2024-02-04 10:26:12,831 [INFO] PluginManager:220 - loadIPPluginJar : add dfsdm
2024-02-04 10:26:12,845 [INFO] IPUIPlugin:80 - create IPUIPlugin
2024-02-04 10:26:12,846 [INFO] PluginManager:220 - loadIPPluginJar : add dma
2024-02-04 10:26:12,890 [INFO] IPUIPlugin:80 - create IPUIPlugin
2024-02-04 10:26:12,890 [INFO] PluginManager:220 - loadIPPluginJar : add dma3
2024-02-04 10:26:12,912 [INFO] IPUIPlugin:80 - create IPUIPlugin
2024-02-04 10:26:12,912 [INFO] PluginManager:220 - loadIPPluginJar : add fatfs
2024-02-04 10:26:12,957 [INFO] IPUIPlugin:80 - create IPUIPlugin
2024-02-04 10:26:12,957 [INFO] PluginManager:220 - loadIPPluginJar : add fmc
2024-02-04 10:26:12,973 [INFO] IPUIPlugin:80 - create IPUIPlugin
2024-02-04 10:26:12,973 [INFO] PluginManager:220 - loadIPPluginJar : add freertos
2024-02-04 10:26:12,994 [INFO] IPUIPlugin:80 - create IPUIPlugin
2024-02-04 10:26:12,994 [INFO] PluginManager:220 - loadIPPluginJar : add genericplugin
2024-02-04 10:26:13,095 [INFO] IPUIPlugin:80 - create IPUIPlugin
2024-02-04 10:26:13,095 [INFO] PluginManager:220 - loadIPPluginJar : add gfxmmu
2024-02-04 10:26:13,229 [INFO] IPUIPlugin:80 - create IPUIPlugin
2024-02-04 10:26:13,229 [INFO] PluginManager:220 - loadIPPluginJar : add gic
2024-02-04 10:26:13,242 [INFO] IPUIPlugin:80 - create IPUIPlugin
2024-02-04 10:26:13,242 [INFO] PluginManager:220 - loadIPPluginJar : add gpio
2024-02-04 10:26:13,329 [INFO] IPUIPlugin:80 - create IPUIPlugin
2024-02-04 10:26:13,329 [INFO] PluginManager:220 - loadIPPluginJar : add gtzc
2024-02-04 10:26:13,361 [INFO] IPUIPlugin:80 - create IPUIPlugin
2024-02-04 10:26:13,362 [INFO] PluginManager:220 - loadIPPluginJar : add hash
2024-02-04 10:26:13,417 [INFO] IPUIPlugin:80 - create IPUIPlugin
2024-02-04 10:26:13,417 [INFO] PluginManager:220 - loadIPPluginJar : add i2c
2024-02-04 10:26:13,455 [INFO] IPUIPlugin:80 - create IPUIPlugin
2024-02-04 10:26:13,456 [INFO] PluginManager:220 - loadIPPluginJar : add i2s
2024-02-04 10:26:13,496 [INFO] IPUIPlugin:80 - create IPUIPlugin
2024-02-04 10:26:13,497 [INFO] PluginManager:220 - loadIPPluginJar : add i3c
2024-02-04 10:26:13,592 [INFO] IPUIPlugin:80 - create IPUIPlugin
2024-02-04 10:26:13,592 [INFO] PluginManager:220 - loadIPPluginJar : add ipddr
2024-02-04 10:26:13,683 [INFO] IPUIPlugin:80 - create IPUIPlugin
2024-02-04 10:26:13,683 [INFO] PluginManager:220 - loadIPPluginJar : add linkedlist
2024-02-04 10:26:13,723 [INFO] IPUIPlugin:80 - create IPUIPlugin
2024-02-04 10:26:13,723 [INFO] PluginManager:220 - loadIPPluginJar : add lorawan
2024-02-04 10:26:13,760 [INFO] IPUIPlugin:80 - create IPUIPlugin
2024-02-04 10:26:13,760 [INFO] PluginManager:220 - loadIPPluginJar : add ltdc
2024-02-04 10:26:13,774 [INFO] IPUIPlugin:80 - create IPUIPlugin
2024-02-04 10:26:13,775 [INFO] PluginManager:220 - loadIPPluginJar : add mdma
2024-02-04 10:26:13,787 [INFO] IPUIPlugin:80 - create IPUIPlugin
2024-02-04 10:26:13,788 [INFO] PluginManager:220 - loadIPPluginJar : add nvic
2024-02-04 10:26:13,822 [INFO] IPUIPlugin:80 - create IPUIPlugin
2024-02-04 10:26:13,823 [INFO] PluginManager:220 - loadIPPluginJar : add opamp
2024-02-04 10:26:13,885 [INFO] IPUIPlugin:80 - create IPUIPlugin
2024-02-04 10:26:13,885 [INFO] PluginManager:220 - loadIPPluginJar : add openamp
2024-02-04 10:26:13,927 [INFO] IPUIPlugin:80 - create IPUIPlugin
2024-02-04 10:26:13,928 [INFO] PluginManager:220 - loadIPPluginJar : add pdm2pcm
2024-02-04 10:26:13,944 [INFO] IPUIPlugin:80 - create IPUIPlugin
2024-02-04 10:26:13,946 [INFO] PluginManager:220 - loadIPPluginJar : add plateformsettings
2024-02-04 10:26:13,969 [INFO] IPUIPlugin:80 - create IPUIPlugin
2024-02-04 10:26:13,969 [INFO] PluginManager:220 - loadIPPluginJar : add quadspi
2024-02-04 10:26:13,983 [INFO] IPUIPlugin:80 - create IPUIPlugin
2024-02-04 10:26:13,983 [INFO] PluginManager:220 - loadIPPluginJar : add resmgrutility
2024-02-04 10:26:14,033 [INFO] IPUIPlugin:80 - create IPUIPlugin
2024-02-04 10:26:14,033 [INFO] PluginManager:220 - loadIPPluginJar : add sai
2024-02-04 10:26:14,071 [INFO] IPUIPlugin:80 - create IPUIPlugin
2024-02-04 10:26:14,071 [INFO] PluginManager:220 - loadIPPluginJar : add spi
2024-02-04 10:26:14,124 [INFO] IPUIPlugin:80 - create IPUIPlugin
2024-02-04 10:26:14,124 [INFO] PluginManager:220 - loadIPPluginJar : add stm32_wpan
2024-02-04 10:26:14,147 [INFO] IPUIPlugin:80 - create IPUIPlugin
2024-02-04 10:26:14,147 [INFO] PluginManager:220 - loadIPPluginJar : add tim
2024-02-04 10:26:14,200 [INFO] IPUIPlugin:80 - create IPUIPlugin
2024-02-04 10:26:14,200 [INFO] PluginManager:220 - loadIPPluginJar : add touchsensing
2024-02-04 10:26:14,222 [INFO] IPUIPlugin:80 - create IPUIPlugin
2024-02-04 10:26:14,222 [INFO] PluginManager:220 - loadIPPluginJar : add tracer_emb
2024-02-04 10:26:14,246 [INFO] IPUIPlugin:80 - create IPUIPlugin
2024-02-04 10:26:14,246 [INFO] PluginManager:220 - loadIPPluginJar : add ts
2024-02-04 10:26:14,269 [INFO] IPUIPlugin:80 - create IPUIPlugin
2024-02-04 10:26:14,269 [INFO] PluginManager:220 - loadIPPluginJar : add tsc
2024-02-04 10:26:14,292 [INFO] IPUIPlugin:80 - create IPUIPlugin
2024-02-04 10:26:14,292 [INFO] PluginManager:220 - loadIPPluginJar : add ucpd
2024-02-04 10:26:14,339 [INFO] IPUIPlugin:80 - create IPUIPlugin
2024-02-04 10:26:14,339 [INFO] PluginManager:220 - loadIPPluginJar : add usart
2024-02-04 10:26:14,382 [INFO] IPUIPlugin:80 - create IPUIPlugin
2024-02-04 10:26:14,382 [INFO] PluginManager:220 - loadIPPluginJar : add usbx
2024-02-04 10:26:14,503 [INFO] CADModel:165 - CPN selected for project level
2024-02-04 10:26:14,504 [INFO] CADModel:114 - Register for checkConnection events
2024-02-04 10:26:14,504 [FATAL] Updater:308 - Updater called before beeing initialized
2024-02-04 10:26:14,504 [ERROR] CADModel:125 - Updater not yet initialized, retry later 
2024-02-04 10:26:14,645 [INFO] CADModel:165 - CPN selected for project level
2024-02-04 10:26:14,646 [INFO] CADModel:114 - Register for checkConnection events
2024-02-04 10:26:14,646 [FATAL] Updater:308 - Updater called before beeing initialized
2024-02-04 10:26:14,646 [ERROR] CADModel:125 - Updater not yet initialized, retry later 
2024-02-04 10:26:14,650 [FATAL] Updater:308 - Updater called before beeing initialized
2024-02-04 10:26:14,759 [FATAL] Updater:308 - Updater called before beeing initialized
2024-02-04 10:26:14,771 [INFO] DbMcusAds:53 - JSON generation date=Wed Nov 29 12:52:27 EET 2023 (1701255147200)
2024-02-04 10:26:14,771 [FATAL] Updater:308 - Updater called before beeing initialized
2024-02-04 10:26:14,810 [WARN] DetailPanel:346 - Failed to get advertising image, set to default
2024-02-04 10:26:14,894 [FATAL] Updater:308 - Updater called before beeing initialized
2024-02-04 10:26:14,896 [FATAL] Updater:308 - Updater called before beeing initialized
2024-02-04 10:26:14,896 [FATAL] Updater:308 - Updater called before beeing initialized
2024-02-04 10:26:14,896 [WARN] DetailPanel:346 - Failed to get advertising image, set to default
2024-02-04 10:26:14,896 [FATAL] Updater:308 - Updater called before beeing initialized
2024-02-04 10:26:14,955 [ERROR] Updater:1120 - MainUpdater not yet initialized. External WinMGr cannot be set.
2024-02-04 10:26:14,965 [INFO] Updater:1056 - Updater Version found : 6.9.0
2024-02-04 10:26:14,987 [INFO] ApplicationProperties:184 - Using Application install path: C:\ST\STM32CubeIDE_1.12.1\STM32CubeIDE\plugins\com.st.stm32cube.common.mx_6.9.0.202307051724
2024-02-04 10:26:15,027 [INFO] ThirdPartyUpdaterWithRetryManager:70 - Updater plugin not ready yet. [2/15]
2024-02-04 10:26:15,479 [INFO] MainUpdater:2868 - connection check result : 10
2024-02-04 10:26:15,480 [INFO] MainUpdater:285 - Updater Check For Update Now.
2024-02-04 10:26:15,480 [INFO] MicroXplorer:498 - Change Database Version : DB.6.0.90
2024-02-04 10:26:15,497 [INFO] McuFinderGlobals:63 - Set McuFinder mode to 2 (CubeIDE integrated)
2024-02-04 10:26:15,498 [INFO] UserAuth:179 - activating auth plugin
2024-02-04 10:26:15,501 [INFO] UserAuth:393 - Internet connection configuration mode: 1
2024-02-04 10:26:15,549 [INFO] JxBrowserEngine:151 - Initiate JxBrowser Engine with user profile folder
2024-02-04 10:26:15,688 [INFO] CheckServerUpdateThread:120 - End of CheckServer Thread
2024-02-04 10:26:16,127 [INFO] McuFinderGlobals:63 - Set McuFinder mode to 2 (CubeIDE integrated)
2024-02-04 10:26:16,152 [INFO] MainUpdater:2868 - connection check result : 10
2024-02-04 10:26:16,675 [INFO] ApiDb:581 - Connected to CubeFinder SQLite database (C:\Users\dmitr\.stmcufinder\plugins\mcufinder\mcu\cube-finder-db.db)
2024-02-04 10:26:16,769 [INFO] ApiDb:668 - CubeFinder database Data Model version=2.1
2024-02-04 10:26:16,769 [INFO] ApiDb:669 - CubeFinder database Configuration version=3.0.39
2024-02-04 10:26:16,769 [INFO] ApiDb:670 - CubeFinder database generation date=2024-01-11 (1704964531)
2024-02-04 10:26:16,770 [INFO] ApiDb:671 - CubeFinder database FW Pack versions=[FP-ATR-ASTRA1_V2.0.0, FP-SNS-FLIGHT1_V5.0.1, FP-SNS-FLIGHT1_V5.0.2, FP-SNS-MOTENV1_V4.3.1, FP-SNS-MOTENV1_V4.3.2, FP-SNS-MOTENVWB1_V1.3.1, FP-SNS-SMARTAG2_V1.2.0, STM32Cube_FW_C0_V1.1.0, STM32Cube_FW_F4_V1.28.0, STM32Cube_FW_F7_V1.17.0, STM32Cube_FW_G0_V1.6.2, STM32Cube_FW_G4_V1.5.2, STM32Cube_FW_H5_V0.5.1, STM32Cube_FW_H5_V1.1.1, STM32Cube_FW_H5_V1.2.0RC2, STM32Cube_FW_H7_V1.11.0, STM32Cube_FW_L0_V1.12.2, STM32Cube_FW_L5_V1.5.0, STM32Cube_FW_U5_V1.3.0RC4, STM32Cube_FW_U5_V1.4.0, STM32Cube_FW_WBA_V1.0.0RC1, STM32Cube_FW_WBA_V1.1.0RC1, STM32Cube_FW_WBA_V1.2.0, STM32Cube_FW_WBA_V1.2.0RC2, STM32Cube_FW_WB_V1.15.0RC1, STM32Cube_FW_WB_V1.16.0, STM32Cube_FW_WB_V1.16.0RC2, STM32Cube_FW_WB_V1.18.0, STM32Cube_FW_WL_V1.3.0, X-CUBE-ALGOBUILD_V1.3.0, X-CUBE-ALS_V1.0.1, X-CUBE-AZRTOS-F4_V1.1.0, X-CUBE-AZRTOS-F7_V1.1.0, X-CUBE-AZRTOS-G0_V1.1.0, X-CUBE-AZRTOS-G4_V2.0.0, X-CUBE-AZRTOS-H7_V3.2.0, X-CUBE-AZRTOS-L4_V1.0.0, X-CUBE-AZRTOS-L4_V2.0.0, X-CUBE-AZRTOS-L5_V1.1.0, X-CUBE-AZRTOS-WB_V2.0.0, X-CUBE-AZRTOS-WL_V2.0.0, X-CUBE-BLE1_V7.0.0, X-CUBE-BLE2_V3.3.0, X-CUBE-BLEMGR_V3.0.0, X-CUBE-EEPRMA1_V4.1.0, X-CUBE-EEPRMA1_V4.2.0, X-CUBE-FREERTOS_V1.1.0, X-CUBE-GNSS1_V6.0.0, X-CUBE-MEMS1_V10.0.0, X-CUBE-MEMS1_V9.1.0, X-CUBE-MEMS1_V9.4.0, X-CUBE-MEMS1_V9.6.0, X-CUBE-NFC4_V3.0.0, X-CUBE-NFC7_V1.0.1, X-CUBE-SFXS2LP1_V4.0.0, X-CUBE-SUBG2_V5.0.0, X-CUBE-TOF1_V3.4.0]
2024-02-04 10:26:16,935 [INFO] DbBoardsSqlite:226 - include board P-NUCLEO-WB55-NUCLEO as a kit item of type 'Nucleo-64'
2024-02-04 10:26:16,936 [INFO] DbBoardsSqlite:226 - include board P-NUCLEO-WB55-USBDONGLE as a kit item of type 'Nucleo USB Dongle'
2024-02-04 10:26:16,937 [INFO] DbBoardsSqlite:226 - include board STEVAL-IDP005V1 as a kit item of type 'Evaluation Board'
2024-02-04 10:26:16,938 [INFO] DbBoardsSqlite:226 - include board STEVAL-IDP005V2 as a kit item of type 'Evaluation Board'
2024-02-04 10:26:17,852 [INFO] ApiDb:240 - Found 323 in-development CPN: [B-G473E-ZEST1S, B-WB1M-WPAN1, B-WL5M-SUBG1, NUCLEO-C031C6, NUCLEO-H503RB, NUCLEO-H563ZI, NUCLEO-U545RE-Q, NUCLEO-U5A5ZJ-Q, NUCLEO-WBA52CG, STEVAL-PROTEUS1, STEVAL-SMARTAG2, STEVAL-STWINBX1, STM320518-EVAL, STM32C0116-DK, STM32C011D6Y3TR, STM32C011D6Y6TR, STM32C011F4P3, STM32C011F4P6, STM32C011F4U3, STM32C011F4U6TR, STM32C011F6P3, STM32C011F6P6, STM32C011F6U3, STM32C011F6U6TR, STM32C011J4M3, STM32C011J4M6, STM32C011J6M3, STM32C011J6M6, STM32C0316-DK, STM32C031C4T3, STM32C031C4T6, STM32C031C4U3, STM32C031C4U6, STM32C031C6T3, STM32C031C6T6, STM32C031C6U3, STM32C031C6U6, STM32C031F4P3, STM32C031F4P6, STM32C031F6P3, STM32C031F6P6, STM32C031G4U3, STM32C031G4U6, STM32C031G6U3, STM32C031G6U6, STM32C031K4T3, STM32C031K4T6, STM32C031K4U3, STM32C031K4U6, STM32C031K6T3, STM32C031K6T6, STM32C031K6U3, STM32C031K6U6, STM32G071K8TXN, STM32G071K8UXN, STM32G081GBU6N, STM32G081KBT6N, STM32G081KBUXN, STM32G0B1CCT6N, STM32G0B1KCT6, STM32G0B1NEY6TR, STM32G0B1RCT6N, STM32G0C1CCT6, STM32G0C1CCT6N, STM32G0C1CCU6N, STM32G0C1CET6N, STM32G0C1CEU6N, STM32G0C1KCT6, STM32G0C1NEY6TR, STM32G0C1RCI6N, STM32G0C1RCT6N, STM32G0C1REI6N, STM32G0C1RET6N, STM32G0C1VCI6, STM32G0C1VEI6, STM32G471CCT6, STM32G471CCU6, STM32G471CET3, STM32G471CET6, STM32G471CEU3, STM32G471CEU6, STM32G471MCT6, STM32G471MET3, STM32G471MET6, STM32G471MEY6TR, STM32G471QCT6, STM32G471QET3, STM32G471RCT6, STM32G471RET3, STM32G471RET6, STM32G471VCH6, STM32G471VCI6, STM32G471VCT6, STM32G471VEH3, STM32G471VEH6, STM32G471VEI3, STM32G471VEI6, STM32G471VET3, STM32G471VET6, STM32G474CCT6, STM32H503CBT6, STM32H503CBU6, STM32H503EBY6TR, STM32H503KBU6, STM32H503RBT6, STM32H562AGI6, STM32H562AII6, STM32H562IGK6, STM32H562IGT6, STM32H562IIK6, STM32H562IIT6, STM32H562RGT6, STM32H562RGV6, STM32H562RIT6, STM32H562RIV6, STM32H562VGT6, STM32H562VIT6, STM32H562ZGT6, STM32H562ZIT6, STM32H563AGI6, STM32H563AII3Q, STM32H563AII6, STM32H563IGK6, STM32H563IGT6, STM32H563IIK3Q, STM32H563IIK6, STM32H563IIT3Q, STM32H563IIT6, STM32H563MIY3QTR, STM32H563RGT6, STM32H563RGV6, STM32H563RIT6, STM32H563RIV6, STM32H563VGT6, STM32H563VIT3Q, STM32H563VIT6, STM32H563ZGT6, STM32H563ZIT3Q, STM32H563ZIT6, STM32H573AII3Q, STM32H573AII6, STM32H573I-DK, STM32H573IIK3Q, STM32H573IIK6, STM32H573IIT3Q, STM32H573IIT6, STM32H573MIY3QTR, STM32H573RIT6, STM32H573RIV6, STM32H573VIT3Q, STM32H573VIT6, STM32H573ZIT3Q, STM32H573ZIT6, STM32L4R5QGI6STR, STM32MP131AAE3, STM32MP131AAF3, STM32MP131AAG3, STM32MP131CAE3, STM32MP131CAF3, STM32MP131CAG3, STM32MP131DAE7, STM32MP131DAF7, STM32MP131DAG7, STM32MP131FAE7, STM32MP131FAF7, STM32MP131FAG7, STM32MP133AAE3, STM32MP133AAF3, STM32MP133AAG3, STM32MP133CAE3, STM32MP133CAF3, STM32MP133CAG3, STM32MP133DAE7, STM32MP133DAF7, STM32MP133DAG7, STM32MP133FAE7, STM32MP133FAF7, STM32MP133FAG7, STM32MP135AAE3, STM32MP135AAF3, STM32MP135AAG3, STM32MP135CAE3, STM32MP135CAF3, STM32MP135CAG3, STM32MP135DAE7, STM32MP135DAF7, STM32MP135DAG7, STM32MP135F-DK, STM32MP135FAE7, STM32MP135FAF7, STM32MP135FAF7T, STM32MP135FAF7U, STM32MP135FAG7, STM32U535CBT6, STM32U535CBT6Q, STM32U535CBU6, STM32U535CBU6Q, STM32U535CCT6, STM32U535CCT6Q, STM32U535CCU6, STM32U535CCU6Q, STM32U535CET6, STM32U535CET6Q, STM32U535CEU6, STM32U535CEU6Q, STM32U535JEY6QTR, STM32U535NCY6QTR, STM32U535NEY6QTR, STM32U535RBI6, STM32U535RBI6Q, STM32U535RBT6, STM32U535RBT6Q, STM32U535RCI6, STM32U535RCI6Q, STM32U535RCT6, STM32U535RCT6Q, STM32U535REI6, STM32U535REI6Q, STM32U535RET6, STM32U535RET6Q, STM32U535VCI6, STM32U535VCI6Q, STM32U535VCT6, STM32U535VCT6Q, STM32U535VEI6, STM32U535VEI6Q, STM32U535VET6, STM32U535VET6Q, STM32U545CET6, STM32U545CET6Q, STM32U545CEU6, STM32U545CEU6Q, STM32U545JEY6QTR, STM32U545NEY6QTR, STM32U545REI6, STM32U545REI6Q, STM32U545RET6, STM32U545RET6Q, STM32U545VEI6, STM32U545VEI6Q, STM32U545VET6, STM32U545VET6Q, STM32U595AIH6, STM32U595AIH6Q, STM32U595AJH6, STM32U595AJH6Q, STM32U595QII6, STM32U595QII6Q, STM32U595QJI6, STM32U595QJI6Q, STM32U595RIT6, STM32U595RIT6Q, STM32U595RJT6, STM32U595RJT6Q, STM32U595VIT6, STM32U595VIT6Q, STM32U595VJT6, STM32U595VJT6Q, STM32U595ZIT6, STM32U595ZIT6Q, STM32U595ZIY6QTR, STM32U595ZJT6, STM32U595ZJT6Q, STM32U595ZJY6QTR, STM32U599BJY6QTR, STM32U599NIH6Q, STM32U599NJH6Q, STM32U599VIT6Q, STM32U599VJT6, STM32U599VJT6Q, STM32U599ZIT6Q, STM32U599ZIY6QTR, STM32U599ZJT6Q, STM32U599ZJY6QTR, STM32U5A5AJH6, STM32U5A5AJH6Q, STM32U5A5QJI6, STM32U5A5QJI6Q, STM32U5A5RJT6, STM32U5A5RJT6Q, STM32U5A5VJT6, STM32U5A5VJT6Q, STM32U5A5ZJT6, STM32U5A5ZJT6Q, STM32U5A5ZJY6QTR, STM32U5A9BJY6QTR, STM32U5A9J-DK, STM32U5A9NJH6Q, STM32U5A9VJT6Q, STM32U5A9ZJT6Q, STM32U5A9ZJY6QTR, STM32U5F7VIT6, STM32U5F7VIT6Q, STM32U5F7VJT6, STM32U5F7VJT6Q, STM32U5F9BJY6QTR, STM32U5F9NJH6Q, STM32U5F9VIT6Q, STM32U5F9VJT6Q, STM32U5F9ZIJ6QTR, STM32U5F9ZIT6Q, STM32U5F9ZJJ6QTR, STM32U5F9ZJT6Q, STM32U5G7VJT6, STM32U5G7VJT6Q, STM32U5G9BJY6QTR, STM32U5G9J-DK1, STM32U5G9J-DK2, STM32U5G9NJH6Q, STM32U5G9VJT6Q, STM32U5G9ZJJ6QTR, STM32U5G9ZJT6Q, STM32WB1MMCH6, STM32WBA52CEU6, STM32WBA52CEU6T, STM32WBA52CGU6, STM32WBA52CGU6T, STM32WBA52KEU6, STM32WBA52KEU6T, STM32WBA52KGU6, STM32WBA52KGU6T, STM32WL5MOCH6, STM32WL5MOCH6TR]
2024-02-04 10:26:17,856 [INFO] ApiDb:668 - CubeFinder database Data Model version=2.1
2024-02-04 10:26:17,856 [INFO] ApiDb:669 - CubeFinder database Configuration version=3.0.39
2024-02-04 10:26:17,856 [INFO] ApiDb:670 - CubeFinder database generation date=2024-01-11 (1704964531)
2024-02-04 10:26:17,857 [INFO] ApiDb:671 - CubeFinder database FW Pack versions=[FP-ATR-ASTRA1_V2.0.0, FP-SNS-FLIGHT1_V5.0.1, FP-SNS-FLIGHT1_V5.0.2, FP-SNS-MOTENV1_V4.3.1, FP-SNS-MOTENV1_V4.3.2, FP-SNS-MOTENVWB1_V1.3.1, FP-SNS-SMARTAG2_V1.2.0, STM32Cube_FW_C0_V1.1.0, STM32Cube_FW_F4_V1.28.0, STM32Cube_FW_F7_V1.17.0, STM32Cube_FW_G0_V1.6.2, STM32Cube_FW_G4_V1.5.2, STM32Cube_FW_H5_V0.5.1, STM32Cube_FW_H5_V1.1.1, STM32Cube_FW_H5_V1.2.0RC2, STM32Cube_FW_H7_V1.11.0, STM32Cube_FW_L0_V1.12.2, STM32Cube_FW_L5_V1.5.0, STM32Cube_FW_U5_V1.3.0RC4, STM32Cube_FW_U5_V1.4.0, STM32Cube_FW_WBA_V1.0.0RC1, STM32Cube_FW_WBA_V1.1.0RC1, STM32Cube_FW_WBA_V1.2.0, STM32Cube_FW_WBA_V1.2.0RC2, STM32Cube_FW_WB_V1.15.0RC1, STM32Cube_FW_WB_V1.16.0, STM32Cube_FW_WB_V1.16.0RC2, STM32Cube_FW_WB_V1.18.0, STM32Cube_FW_WL_V1.3.0, X-CUBE-ALGOBUILD_V1.3.0, X-CUBE-ALS_V1.0.1, X-CUBE-AZRTOS-F4_V1.1.0, X-CUBE-AZRTOS-F7_V1.1.0, X-CUBE-AZRTOS-G0_V1.1.0, X-CUBE-AZRTOS-G4_V2.0.0, X-CUBE-AZRTOS-H7_V3.2.0, X-CUBE-AZRTOS-L4_V1.0.0, X-CUBE-AZRTOS-L4_V2.0.0, X-CUBE-AZRTOS-L5_V1.1.0, X-CUBE-AZRTOS-WB_V2.0.0, X-CUBE-AZRTOS-WL_V2.0.0, X-CUBE-BLE1_V7.0.0, X-CUBE-BLE2_V3.3.0, X-CUBE-BLEMGR_V3.0.0, X-CUBE-EEPRMA1_V4.1.0, X-CUBE-EEPRMA1_V4.2.0, X-CUBE-FREERTOS_V1.1.0, X-CUBE-GNSS1_V6.0.0, X-CUBE-MEMS1_V10.0.0, X-CUBE-MEMS1_V9.1.0, X-CUBE-MEMS1_V9.4.0, X-CUBE-MEMS1_V9.6.0, X-CUBE-NFC4_V3.0.0, X-CUBE-NFC7_V1.0.1, X-CUBE-SFXS2LP1_V4.0.0, X-CUBE-SUBG2_V5.0.0, X-CUBE-TOF1_V3.4.0]
2024-02-04 10:26:18,005 [INFO] WebApp:157 - Instantiating new browser for Auth
2024-02-04 10:26:18,295 [WARN] PackLoader:240 - Cannot read IP mode file for STMicroelectronics.X-CUBE-SMBUS.2.1.0
2024-02-04 10:26:18,314 [WARN] PackLoader:240 - Cannot read IP mode file for STMicroelectronics.X-CUBE-TOUCHGFX.4.23.0
2024-02-04 10:26:18,362 [WARN] PackLoader:240 - Cannot read IP mode file for STMicroelectronics.X-CUBE-AZRTOS-F7.1.1.0
2024-02-04 10:26:18,393 [WARN] PackLoader:240 - Cannot read IP mode file for STMicroelectronics.FP-SNS-MOTENV1.4.3.2
2024-02-04 10:26:18,419 [WARN] PackLoader:240 - Cannot read IP mode file for STMicroelectronics.FP-SNS-FLIGHT1.5.0.1
2024-02-04 10:26:18,445 [WARN] PackLoader:240 - Cannot read IP mode file for STMicroelectronics.X-CUBE-BLE1.6.2.4
2024-02-04 10:26:18,463 [WARN] PackLoader:240 - Cannot read IP mode file for STMicroelectronics.FP-SNS-FLIGHT1.5.0.2
2024-02-04 10:26:18,481 [WARN] PackLoader:240 - Cannot read IP mode file for STMicroelectronics.X-CUBE-DISPLAY.3.0.0
2024-02-04 10:26:18,499 [WARN] PackLoader:240 - Cannot read IP mode file for STMicroelectronics.X-CUBE-BLE1.7.0.0
2024-02-04 10:26:18,513 [WARN] PackLoader:240 - Cannot read IP mode file for STMicroelectronics.X-CUBE-TOUCHGFX.4.22.0
2024-02-04 10:26:18,529 [WARN] PackLoader:240 - Cannot read IP mode file for STMicroelectronics.X-CUBE-TOUCHGFX.4.22.1
2024-02-04 10:26:18,550 [WARN] PackLoader:240 - Cannot read IP mode file for STMicroelectronics.FP-SNS-SMARTAG2.1.2.0
2024-02-04 10:26:18,578 [INFO] LogOutputStream:77 - [STDOUT_REDIRECT] 1 : Invalid condition id : UX_CORESTACK_Condition cause : null
2024-02-04 10:26:18,579 [INFO] LogOutputStream:77 - [STDOUT_REDIRECT] 1 : Invalid condition id : UX_CORESTACK_Condition cause : null
2024-02-04 10:26:18,581 [INFO] LogOutputStream:77 - [STDOUT_REDIRECT] 1 : Invalid condition id : UX_CORESTACK_Condition cause : null
2024-02-04 10:26:18,582 [INFO] LogOutputStream:77 - [STDOUT_REDIRECT] 1 : Invalid condition id : UX_CORESTACK_Condition cause : null
2024-02-04 10:26:18,584 [INFO] LogOutputStream:77 - [STDOUT_REDIRECT] 1 : Invalid condition id : UX_CORESTACK_Condition cause : null
2024-02-04 10:26:18,587 [WARN] PackLoader:240 - Cannot read IP mode file for STMicroelectronics.X-CUBE-AZRTOS-WL.2.0.0
2024-02-04 10:26:18,621 [WARN] PackLoader:240 - Cannot read IP mode file for WES.I-CUBE-Cesium.1.3.0
2024-02-04 10:26:18,636 [WARN] PackLoader:240 - Cannot read IP mode file for STMicroelectronics.X-CUBE-BLE2.3.3.0
2024-02-04 10:26:18,650 [WARN] PackLoader:240 - Cannot read IP mode file for STMicroelectronics.X-CUBE-ALGOBUILD.1.3.0
2024-02-04 10:26:18,681 [WARN] PackLoader:240 - Cannot read IP mode file for STMicroelectronics.X-CUBE-AZRTOS-G0.1.1.0
2024-02-04 10:26:18,700 [WARN] PackLoader:240 - Cannot read IP mode file for STMicroelectronics.X-CUBE-NFC4.3.0.0
2024-02-04 10:26:18,720 [WARN] PackLoader:240 - Cannot read IP mode file for STMicroelectronics.X-CUBE-BLEMGR.3.0.0
2024-02-04 10:26:18,734 [WARN] PackLoader:240 - Cannot read IP mode file for STMicroelectronics.FP-ATR-SIGFOX1.3.2.0
2024-02-04 10:26:18,756 [WARN] PackLoader:240 - Cannot read IP mode file for STMicroelectronics.X-CUBE-EEPRMA1.5.1.0
2024-02-04 10:26:18,813 [WARN] PackLoader:240 - Cannot read IP mode file for SEGGER.I-CUBE-embOS.1.3.1
2024-02-04 10:26:18,891 [WARN] PackLoader:240 - Cannot read IP mode file for STMicroelectronics.X-CUBE-GNSS1.6.0.0
2024-02-04 10:26:18,934 [WARN] PackLoader:240 - Cannot read IP mode file for STMicroelectronics.X-CUBE-AZRTOS-F4.1.1.0
2024-02-04 10:26:18,957 [WARN] PackLoader:240 - Cannot read IP mode file for wolfSSL.I-CUBE-wolfSSL.5.6.0
2024-02-04 10:26:19,002 [WARN] PackLoader:240 - Cannot read IP mode file for STMicroelectronics.X-CUBE-AZRTOS-L5.2.0.0
2024-02-04 10:26:19,092 [WARN] PackLoader:240 - Cannot read IP mode file for STMicroelectronics.X-CUBE-MEMS1.9.6.0
2024-02-04 10:26:19,297 [WARN] PackLoader:240 - Cannot read IP mode file for STMicroelectronics.X-CUBE-EEPRMA1.4.2.0
2024-02-04 10:26:19,350 [WARN] PackLoader:240 - Cannot read IP mode file for ITTIA_DB.I-CUBE-ITTIADB.8.8.0
2024-02-04 10:26:19,376 [WARN] PackLoader:240 - Cannot read IP mode file for emotas.I-CUBE-CANOPEN.1.1.3
2024-02-04 10:26:19,403 [WARN] PackLoader:240 - Cannot read IP mode file for STMicroelectronics.X-CUBE-BLEMGR.2.0.0
2024-02-04 10:26:19,413 [INFO] WebApp:753 - Register for checkConnection events
2024-02-04 10:26:19,414 [INFO] WebApp:390 - Apply proxy settings
2024-02-04 10:26:19,414 [INFO] WebApp:475 - Chromium requires no authentication
2024-02-04 10:26:19,435 [INFO] WebApp:418 - Direct internet connection detected
2024-02-04 10:26:19,453 [WARN] ConditionMgr:438 - getConditionDescription Invalid condition id : UX DEVICE CLASS RTOS Condition cause : null
2024-02-04 10:26:19,454 [WARN] ConditionMgr:438 - getConditionDescription Invalid condition id : UX DEVICE CLASS RTOS Condition cause : null
2024-02-04 10:26:19,457 [WARN] PackLoader:240 - Cannot read IP mode file for STMicroelectronics.X-CUBE-AZRTOS-H7.3.1.0
2024-02-04 10:26:19,458 [WARN] ConditionMgr:1039 - genDependencies : Invalid condition id : UX DEVICE CLASS RTOS Condition cause : null
2024-02-04 10:26:19,459 [WARN] ConditionMgr:1039 - genDependencies : Invalid condition id : UX DEVICE CLASS RTOS Condition cause : null
2024-02-04 10:26:19,459 [WARN] ConditionMgr:1039 - genDependencies : Invalid condition id : UX DEVICE CLASS RTOS Condition cause : null
2024-02-04 10:26:19,460 [WARN] ConditionMgr:1039 - genDependencies : Invalid condition id : UX DEVICE CLASS RTOS Condition cause : null
2024-02-04 10:26:19,461 [WARN] ConditionMgr:1039 - genDependencies : Invalid condition id : UX DEVICE CLASS RTOS Condition cause : null
2024-02-04 10:26:19,493 [WARN] PackLoader:240 - Cannot read IP mode file for STMicroelectronics.X-CUBE-NFC7.1.0.1
2024-02-04 10:26:19,516 [WARN] PackLoader:240 - Cannot read IP mode file for STMicroelectronics.X-CUBE-NFC6.3.0.0
2024-02-04 10:26:19,540 [WARN] PackLoader:240 - Cannot read IP mode file for STMicroelectronics.X-CUBE-EEPRMA1.4.1.0
2024-02-04 10:26:19,561 [WARN] PackLoader:240 - Cannot read IP mode file for STMicroelectronics.X-CUBE-AI.8.1.0
2024-02-04 10:26:19,602 [WARN] ConditionMgr:438 - getConditionDescription Invalid condition id : LAN8742 Phy interface Condition cause : null
2024-02-04 10:26:19,602 [WARN] PackLoader:240 - Cannot read IP mode file for STMicroelectronics.X-CUBE-AZRTOS-L4.2.0.0
2024-02-04 10:26:19,604 [WARN] ConditionMgr:1039 - genDependencies : Invalid condition id : LAN8742 Phy interface Condition cause : null
2024-02-04 10:26:19,604 [WARN] ConditionMgr:1039 - genDependencies : Invalid condition id : LAN8742 Phy interface Condition cause : null
2024-02-04 10:26:19,604 [WARN] ConditionMgr:1039 - genDependencies : Invalid condition id : LAN8742 Phy interface Condition cause : null
2024-02-04 10:26:19,626 [WARN] PackLoader:240 - Cannot read IP mode file for STMicroelectronics.X-CUBE-SFXS2LP1.4.0.0
2024-02-04 10:26:19,645 [WARN] PackLoader:240 - Cannot read IP mode file for STMicroelectronics.X-CUBE-ISPU.1.1.0
2024-02-04 10:26:19,673 [WARN] ConditionMgr:438 - getConditionDescription Invalid condition id : UX DEVICE CLASS RTOS Condition cause : null
2024-02-04 10:26:19,673 [WARN] ConditionMgr:438 - getConditionDescription Invalid condition id : UX DEVICE CLASS RTOS Condition cause : null
2024-02-04 10:26:19,675 [WARN] PackLoader:240 - Cannot read IP mode file for STMicroelectronics.X-CUBE-AZRTOS-WB.2.0.0
2024-02-04 10:26:19,675 [WARN] ConditionMgr:1039 - genDependencies : Invalid condition id : UX DEVICE CLASS RTOS Condition cause : null
2024-02-04 10:26:19,676 [WARN] ConditionMgr:1039 - genDependencies : Invalid condition id : UX DEVICE CLASS RTOS Condition cause : null
2024-02-04 10:26:19,676 [WARN] ConditionMgr:1039 - genDependencies : Invalid condition id : UX DEVICE CLASS RTOS Condition cause : null
2024-02-04 10:26:19,682 [WARN] ConditionMgr:1039 - genDependencies : Invalid condition id : UX DEVICE CLASS RTOS Condition cause : null
2024-02-04 10:26:19,682 [WARN] ConditionMgr:1039 - genDependencies : Invalid condition id : UX DEVICE CLASS RTOS Condition cause : null
2024-02-04 10:26:19,701 [WARN] PackLoader:240 - Cannot read IP mode file for STMicroelectronics.X-CUBE-FREERTOS.1.0.1
2024-02-04 10:26:19,742 [WARN] PackLoader:240 - Cannot read IP mode file for STMicroelectronics.X-CUBE-AZRTOS-L5.1.1.0
2024-02-04 10:26:19,758 [WARN] PackLoader:240 - Cannot read IP mode file for STMicroelectronics.X-CUBE-AI.8.0.1
2024-02-04 10:26:19,780 [WARN] PackLoader:240 - Cannot read IP mode file for STMicroelectronics.X-CUBE-SUBG2.5.0.0
2024-02-04 10:26:19,808 [WARN] PackLoader:240 - Cannot read IP mode file for STMicroelectronics.X-CUBE-TOF1.3.3.1
2024-02-04 10:26:19,841 [WARN] PackLoader:240 - Cannot read IP mode file for STMicroelectronics.X-CUBE-AZRTOS-G4.2.0.0
2024-02-04 10:26:19,884 [WARN] PackLoader:240 - Cannot read IP mode file for STMicroelectronics.X-CUBE-TOF1.3.3.0
2024-02-04 10:26:19,914 [WARN] PackLoader:240 - Cannot read IP mode file for Infineon.AIROC-Wi-Fi-Bluetooth-STM32.1.5.1
2024-02-04 10:26:19,931 [WARN] PackLoader:240 - Cannot read IP mode file for STMicroelectronics.FP-SNS-MOTENVWB1.1.3.0
2024-02-04 10:26:19,943 [WARN] PackLoader:240 - Cannot read IP mode file for STMicroelectronics.FP-SNS-MOTENVWB1.1.3.1
2024-02-04 10:26:19,956 [WARN] PackLoader:240 - Cannot read IP mode file for STMicroelectronics.X-CUBE-ISPU.2.0.0
2024-02-04 10:26:20,001 [INFO] WebApp:188 - Starting web application
2024-02-04 10:26:20,001 [INFO] WebApp:520 - Web application path used C:\ST\STM32CubeIDE_1.12.1\STM32CubeIDE\plugins\com.st.stm32cube.common.mx_6.9.0.202307051724\db\plugins\mcufinder\reactClient1\index.html
2024-02-04 10:26:20,006 [WARN] PackLoader:240 - Cannot read IP mode file for STMicroelectronics.X-CUBE-MEMS1.10.0.0
2024-02-04 10:26:20,131 [WARN] PackLoader:240 - Cannot read IP mode file for STMicroelectronics.X-CUBE-FREERTOS.1.1.0
2024-02-04 10:26:20,154 [WARN] PackLoader:240 - Cannot read IP mode file for portGmbH.I-Cube-SoM-uGOAL.1.1.0
2024-02-04 10:26:20,168 [WARN] PackLoader:240 - Cannot read IP mode file for STMicroelectronics.X-CUBE-ALS.1.0.1
2024-02-04 10:26:20,200 [WARN] PackLoader:240 - Cannot read IP mode file for STMicroelectronics.X-CUBE-AZRTOS-WB.1.1.0
2024-02-04 10:26:20,219 [WARN] PackLoader:240 - Cannot read IP mode file for STMicroelectronics.FP-ATR-ASTRA1.2.0.0
2024-02-04 10:26:20,248 [WARN] PackLoader:240 - Cannot read IP mode file for STMicroelectronics.X-CUBE-TOF1.3.4.0
2024-02-04 10:26:20,299 [WARN] PackLoader:240 - Cannot read IP mode file for STMicroelectronics.X-CUBE-AZRTOS-H7.3.2.0
2024-02-04 10:26:20,302 [INFO] ThirdParty:978 - Integrity check success = true
2024-02-04 10:26:20,302 [INFO] IntegrityCheckThread:100 - exiting critical section [integrity check]
2024-02-04 10:26:20,302 [INFO] IntegrityCheckThread:103 - End integrity checks thread
2024-02-04 10:26:20,607 [INFO] ApiDb:240 - Found 323 in-development CPN: [B-G473E-ZEST1S, B-WB1M-WPAN1, B-WL5M-SUBG1, NUCLEO-C031C6, NUCLEO-H503RB, NUCLEO-H563ZI, NUCLEO-U545RE-Q, NUCLEO-U5A5ZJ-Q, NUCLEO-WBA52CG, STEVAL-PROTEUS1, STEVAL-SMARTAG2, STEVAL-STWINBX1, STM320518-EVAL, STM32C0116-DK, STM32C011D6Y3TR, STM32C011D6Y6TR, STM32C011F4P3, STM32C011F4P6, STM32C011F4U3, STM32C011F4U6TR, STM32C011F6P3, STM32C011F6P6, STM32C011F6U3, STM32C011F6U6TR, STM32C011J4M3, STM32C011J4M6, STM32C011J6M3, STM32C011J6M6, STM32C0316-DK, STM32C031C4T3, STM32C031C4T6, STM32C031C4U3, STM32C031C4U6, STM32C031C6T3, STM32C031C6T6, STM32C031C6U3, STM32C031C6U6, STM32C031F4P3, STM32C031F4P6, STM32C031F6P3, STM32C031F6P6, STM32C031G4U3, STM32C031G4U6, STM32C031G6U3, STM32C031G6U6, STM32C031K4T3, STM32C031K4T6, STM32C031K4U3, STM32C031K4U6, STM32C031K6T3, STM32C031K6T6, STM32C031K6U3, STM32C031K6U6, STM32G071K8TXN, STM32G071K8UXN, STM32G081GBU6N, STM32G081KBT6N, STM32G081KBUXN, STM32G0B1CCT6N, STM32G0B1KCT6, STM32G0B1NEY6TR, STM32G0B1RCT6N, STM32G0C1CCT6, STM32G0C1CCT6N, STM32G0C1CCU6N, STM32G0C1CET6N, STM32G0C1CEU6N, STM32G0C1KCT6, STM32G0C1NEY6TR, STM32G0C1RCI6N, STM32G0C1RCT6N, STM32G0C1REI6N, STM32G0C1RET6N, STM32G0C1VCI6, STM32G0C1VEI6, STM32G471CCT6, STM32G471CCU6, STM32G471CET3, STM32G471CET6, STM32G471CEU3, STM32G471CEU6, STM32G471MCT6, STM32G471MET3, STM32G471MET6, STM32G471MEY6TR, STM32G471QCT6, STM32G471QET3, STM32G471RCT6, STM32G471RET3, STM32G471RET6, STM32G471VCH6, STM32G471VCI6, STM32G471VCT6, STM32G471VEH3, STM32G471VEH6, STM32G471VEI3, STM32G471VEI6, STM32G471VET3, STM32G471VET6, STM32G474CCT6, STM32H503CBT6, STM32H503CBU6, STM32H503EBY6TR, STM32H503KBU6, STM32H503RBT6, STM32H562AGI6, STM32H562AII6, STM32H562IGK6, STM32H562IGT6, STM32H562IIK6, STM32H562IIT6, STM32H562RGT6, STM32H562RGV6, STM32H562RIT6, STM32H562RIV6, STM32H562VGT6, STM32H562VIT6, STM32H562ZGT6, STM32H562ZIT6, STM32H563AGI6, STM32H563AII3Q, STM32H563AII6, STM32H563IGK6, STM32H563IGT6, STM32H563IIK3Q, STM32H563IIK6, STM32H563IIT3Q, STM32H563IIT6, STM32H563MIY3QTR, STM32H563RGT6, STM32H563RGV6, STM32H563RIT6, STM32H563RIV6, STM32H563VGT6, STM32H563VIT3Q, STM32H563VIT6, STM32H563ZGT6, STM32H563ZIT3Q, STM32H563ZIT6, STM32H573AII3Q, STM32H573AII6, STM32H573I-DK, STM32H573IIK3Q, STM32H573IIK6, STM32H573IIT3Q, STM32H573IIT6, STM32H573MIY3QTR, STM32H573RIT6, STM32H573RIV6, STM32H573VIT3Q, STM32H573VIT6, STM32H573ZIT3Q, STM32H573ZIT6, STM32L4R5QGI6STR, STM32MP131AAE3, STM32MP131AAF3, STM32MP131AAG3, STM32MP131CAE3, STM32MP131CAF3, STM32MP131CAG3, STM32MP131DAE7, STM32MP131DAF7, STM32MP131DAG7, STM32MP131FAE7, STM32MP131FAF7, STM32MP131FAG7, STM32MP133AAE3, STM32MP133AAF3, STM32MP133AAG3, STM32MP133CAE3, STM32MP133CAF3, STM32MP133CAG3, STM32MP133DAE7, STM32MP133DAF7, STM32MP133DAG7, STM32MP133FAE7, STM32MP133FAF7, STM32MP133FAG7, STM32MP135AAE3, STM32MP135AAF3, STM32MP135AAG3, STM32MP135CAE3, STM32MP135CAF3, STM32MP135CAG3, STM32MP135DAE7, STM32MP135DAF7, STM32MP135DAG7, STM32MP135F-DK, STM32MP135FAE7, STM32MP135FAF7, STM32MP135FAF7T, STM32MP135FAF7U, STM32MP135FAG7, STM32U535CBT6, STM32U535CBT6Q, STM32U535CBU6, STM32U535CBU6Q, STM32U535CCT6, STM32U535CCT6Q, STM32U535CCU6, STM32U535CCU6Q, STM32U535CET6, STM32U535CET6Q, STM32U535CEU6, STM32U535CEU6Q, STM32U535JEY6QTR, STM32U535NCY6QTR, STM32U535NEY6QTR, STM32U535RBI6, STM32U535RBI6Q, STM32U535RBT6, STM32U535RBT6Q, STM32U535RCI6, STM32U535RCI6Q, STM32U535RCT6, STM32U535RCT6Q, STM32U535REI6, STM32U535REI6Q, STM32U535RET6, STM32U535RET6Q, STM32U535VCI6, STM32U535VCI6Q, STM32U535VCT6, STM32U535VCT6Q, STM32U535VEI6, STM32U535VEI6Q, STM32U535VET6, STM32U535VET6Q, STM32U545CET6, STM32U545CET6Q, STM32U545CEU6, STM32U545CEU6Q, STM32U545JEY6QTR, STM32U545NEY6QTR, STM32U545REI6, STM32U545REI6Q, STM32U545RET6, STM32U545RET6Q, STM32U545VEI6, STM32U545VEI6Q, STM32U545VET6, STM32U545VET6Q, STM32U595AIH6, STM32U595AIH6Q, STM32U595AJH6, STM32U595AJH6Q, STM32U595QII6, STM32U595QII6Q, STM32U595QJI6, STM32U595QJI6Q, STM32U595RIT6, STM32U595RIT6Q, STM32U595RJT6, STM32U595RJT6Q, STM32U595VIT6, STM32U595VIT6Q, STM32U595VJT6, STM32U595VJT6Q, STM32U595ZIT6, STM32U595ZIT6Q, STM32U595ZIY6QTR, STM32U595ZJT6, STM32U595ZJT6Q, STM32U595ZJY6QTR, STM32U599BJY6QTR, STM32U599NIH6Q, STM32U599NJH6Q, STM32U599VIT6Q, STM32U599VJT6, STM32U599VJT6Q, STM32U599ZIT6Q, STM32U599ZIY6QTR, STM32U599ZJT6Q, STM32U599ZJY6QTR, STM32U5A5AJH6, STM32U5A5AJH6Q, STM32U5A5QJI6, STM32U5A5QJI6Q, STM32U5A5RJT6, STM32U5A5RJT6Q, STM32U5A5VJT6, STM32U5A5VJT6Q, STM32U5A5ZJT6, STM32U5A5ZJT6Q, STM32U5A5ZJY6QTR, STM32U5A9BJY6QTR, STM32U5A9J-DK, STM32U5A9NJH6Q, STM32U5A9VJT6Q, STM32U5A9ZJT6Q, STM32U5A9ZJY6QTR, STM32U5F7VIT6, STM32U5F7VIT6Q, STM32U5F7VJT6, STM32U5F7VJT6Q, STM32U5F9BJY6QTR, STM32U5F9NJH6Q, STM32U5F9VIT6Q, STM32U5F9VJT6Q, STM32U5F9ZIJ6QTR, STM32U5F9ZIT6Q, STM32U5F9ZJJ6QTR, STM32U5F9ZJT6Q, STM32U5G7VJT6, STM32U5G7VJT6Q, STM32U5G9BJY6QTR, STM32U5G9J-DK1, STM32U5G9J-DK2, STM32U5G9NJH6Q, STM32U5G9VJT6Q, STM32U5G9ZJJ6QTR, STM32U5G9ZJT6Q, STM32WB1MMCH6, STM32WBA52CEU6, STM32WBA52CEU6T, STM32WBA52CGU6, STM32WBA52CGU6T, STM32WBA52KEU6, STM32WBA52KEU6T, STM32WBA52KGU6, STM32WBA52KGU6T, STM32WL5MOCH6, STM32WL5MOCH6TR]
2024-02-04 10:26:20,612 [INFO] DbMcus:217 - Found 3882 MCUs, 3882 are supported
2024-02-04 10:26:20,613 [INFO] ApiDb:423 - Load user favorites file C:\Users\dmitr/.stm32cubeide/favorites.mcus.txt: 0 item(s)
2024-02-04 10:26:20,614 [INFO] ApiDb:427 - User favorites MCUs=[]
2024-02-04 10:26:20,614 [INFO] DbMcus:223 - Set 0 / 0 favorites MCUs
2024-02-04 10:26:20,935 [INFO] BoardInfo:880 - No configuration file found for board P-NUCLEO-WB55
2024-02-04 10:26:20,936 [INFO] DbBoards:157 - Kit is not supported: P-NUCLEO-WB55
2024-02-04 10:26:20,943 [INFO] BoardInfo:880 - No configuration file found for board STEVAL-BFA001V1B
2024-02-04 10:26:20,943 [INFO] DbBoards:157 - Kit is not supported: STEVAL-BFA001V1B
2024-02-04 10:26:20,945 [INFO] BoardInfo:880 - No configuration file found for board STEVAL-BFA001V2B
2024-02-04 10:26:20,945 [INFO] DbBoards:157 - Kit is not supported: STEVAL-BFA001V2B
2024-02-04 10:26:20,950 [INFO] BoardInfo:880 - No configuration file found for board STEVAL-MKBOXPRO
2024-02-04 10:26:20,950 [INFO] DbBoards:157 - Board is not supported: STEVAL-MKBOXPRO
2024-02-04 10:26:21,086 [INFO] DbBoards:161 - Found 191 boards, 187 are supported
2024-02-04 10:26:21,089 [INFO] ApiDb:423 - Load user favorites file C:\Users\dmitr/.stm32cubeide/favorites.boards.txt: 0 item(s)
2024-02-04 10:26:21,089 [INFO] ApiDb:427 - User favorites Boards=[]
2024-02-04 10:26:21,089 [INFO] DbBoards:190 - Set 0 / 0 favorites Boards
2024-02-04 10:26:21,089 [INFO] McuFinderGlobals:76 - Set McuFinderConnectedMode to true
2024-02-04 10:26:21,096 [INFO] MultiScanPanel:200 - Auto-refresh data requested => check proxy status ongoing
2024-02-04 10:26:21,101 [INFO] FinderPluginLoader:95 - Searching for filters in installed packs
2024-02-04 10:26:22,980 [INFO] LoadUrlFilesThread:185 - End of LoadServerUrlFiles without Thread
2024-02-04 10:26:23,017 [INFO] DetailPanel:341 - Set advertising image to C:/Users/dmitr/STM32Cube/Repository/\en.prom-stm32wl3-mcu-finder.jpg
2024-02-04 10:26:41,622 [ERROR] LogOutputStream:75 - [STDERR_REDIRECT] SLF4J: Failed to load class "org.slf4j.impl.StaticLoggerBinder".
2024-02-04 10:26:41,622 [ERROR] LogOutputStream:75 - [STDERR_REDIRECT] SLF4J: Defaulting to no-operation (NOP) logger implementation
2024-02-04 10:26:41,624 [ERROR] LogOutputStream:75 - [STDERR_REDIRECT] SLF4J: See http://www.slf4j.org/codes.html#StaticLoggerBinder for further details.
2024-02-04 10:27:18,337 [INFO] MainUpdater:2868 - connection check result : 10
2024-02-04 10:27:18,337 [INFO] MainUpdater:2868 - connection check result : 10
2024-02-04 10:27:18,374 [INFO] MicroXplorer:468 - Change Database Path : 
2024-02-04 10:27:18,375 [INFO] MicroXplorer:498 - Change Database Version : DB.6.0.90
2024-02-04 10:27:18,379 [WARN] ThirdParty:871 - waiting for thirdparty lock release [close project]
2024-02-04 10:27:18,379 [INFO] ThirdParty:873 - entering critical section [close project]
2024-02-04 10:27:18,380 [INFO] ThirdParty:883 - exiting critical section [close project]
2024-02-04 10:27:18,382 [INFO] PinOutPanel:1499 - setPackage(No Configuration,No Configuration)
2024-02-04 10:27:18,388 [INFO] UtilMem:75 - Begin LoadConfig() Used Memory: 539158528 Bytes (816840704)
2024-02-04 10:27:18,389 [INFO] MicroXplorer:468 - Change Database Path : 
2024-02-04 10:27:18,390 [INFO] MicroXplorer:498 - Change Database Version : DB.6.0.90
2024-02-04 10:27:18,390 [INFO] OpenFileManager:308 - Change cursor
2024-02-04 10:27:18,529 [INFO] Mcu:1946 - Initializing MCU STM32F103C8Tx STM32F103C8Tx STM32F103C8T6
2024-02-04 10:27:19,548 [INFO] Context:659 - Trying to add GPIOservice into a context  which must be forbidden
2024-02-04 10:27:19,796 [INFO] ImportTextPane:194 - (OptionalMessage_ERROR) Unable to find key (Mcu.ThirdPartyNb) in loaded IOC file
2024-02-04 10:27:19,796 [INFO] ImportTextPane:194 - (OptionalMessage_ERROR) Unable to find key (Mcu.PinsNb) in loaded IOC file
2024-02-04 10:27:19,796 [INFO] ImportTextPane:194 - (OptionalMessage_ERROR) Unable to find key (Mcu.IPNb) in loaded IOC file
2024-02-04 10:27:20,014 [INFO] RtosManager:555 - Registered RTOS mode: class=CMSIS, group=RTOS, mode=CMSIS_V1, owner=FREERTOS
2024-02-04 10:27:20,015 [INFO] RtosManager:555 - Registered RTOS mode: class=CMSIS, group=RTOS2, mode=CMSIS_V2, owner=FREERTOS
2024-02-04 10:27:20,015 [INFO] RtosManager:555 - Registered RTOS mode: class=RTOS, group=Core, mode=CMSIS_V1, owner=FREERTOS
2024-02-04 10:27:20,015 [INFO] RtosManager:555 - Registered RTOS mode: class=RTOS, group=Core, mode=CMSIS_V2, owner=FREERTOS
2024-02-04 10:27:20,015 [WARN] ModelIntegratedComponent:184 - Missing modes for component STMicroelectronics:FreeRTOS:0.0.1:STMicroelectronics:RTOS:FreeRTOS:Core:::10.2.0:
2024-02-04 10:27:20,033 [WARN] ModelIntegratedComponent:63 - No mode defined for component null
2024-02-04 10:27:20,033 [WARN] ModelIntegratedComponent:63 - No mode defined for component null
2024-02-04 10:27:20,033 [WARN] ModelIntegratedComponent:63 - No mode defined for component null
2024-02-04 10:27:20,033 [WARN] ModelIntegratedComponent:63 - No mode defined for component null
2024-02-04 10:27:20,033 [WARN] ModelIntegratedComponent:63 - No mode defined for component null
2024-02-04 10:27:20,033 [WARN] ModelIntegratedComponent:63 - No mode defined for component null
2024-02-04 10:27:20,033 [WARN] ModelIntegratedComponent:63 - No mode defined for component null
2024-02-04 10:27:20,033 [WARN] ModelIntegratedComponent:63 - No mode defined for component null
2024-02-04 10:27:20,033 [WARN] ModelIntegratedComponent:63 - No mode defined for component null
2024-02-04 10:27:20,034 [WARN] ModelIntegratedComponent:63 - No mode defined for component null
2024-02-04 10:27:20,034 [WARN] ModelIntegratedComponent:63 - No mode defined for component null
2024-02-04 10:27:20,034 [WARN] ModelIntegratedComponent:63 - No mode defined for component null
2024-02-04 10:27:20,034 [WARN] ModelIntegratedComponent:63 - No mode defined for component null
2024-02-04 10:27:20,034 [WARN] ModelIntegratedComponent:63 - No mode defined for component null
2024-02-04 10:27:20,034 [WARN] ModelIntegratedComponent:63 - No mode defined for component null
2024-02-04 10:27:20,034 [WARN] ModelIntegratedComponent:63 - No mode defined for component null
2024-02-04 10:27:20,034 [WARN] ModelIntegratedComponent:63 - No mode defined for component null
2024-02-04 10:27:20,034 [WARN] ModelIntegratedComponent:63 - No mode defined for component null
2024-02-04 10:27:20,034 [WARN] ModelIntegratedComponent:63 - No mode defined for component null
2024-02-04 10:27:20,034 [WARN] ModelIntegratedComponent:63 - No mode defined for component null
2024-02-04 10:27:20,034 [WARN] ModelIntegratedComponent:63 - No mode defined for component null
2024-02-04 10:27:20,034 [WARN] ModelIntegratedComponent:63 - No mode defined for component null
2024-02-04 10:27:20,034 [WARN] ModelIntegratedComponent:63 - No mode defined for component null
2024-02-04 10:27:20,034 [WARN] ModelIntegratedComponent:63 - No mode defined for component null
2024-02-04 10:27:20,034 [WARN] ModelIntegratedComponent:63 - No mode defined for component null
2024-02-04 10:27:20,034 [WARN] ModelIntegratedComponent:63 - No mode defined for component null
2024-02-04 10:27:20,034 [WARN] ModelIntegratedComponent:63 - No mode defined for component null
2024-02-04 10:27:20,034 [WARN] ModelIntegratedComponent:63 - No mode defined for component null
2024-02-04 10:27:20,034 [WARN] ModelIntegratedComponent:63 - No mode defined for component null
2024-02-04 10:27:20,034 [WARN] ModelIntegratedComponent:63 - No mode defined for component null
2024-02-04 10:27:20,034 [WARN] ModelIntegratedComponent:63 - No mode defined for component null
2024-02-04 10:27:20,034 [WARN] ModelIntegratedComponent:63 - No mode defined for component null
2024-02-04 10:27:20,035 [WARN] ModelIntegratedComponent:63 - No mode defined for component null
2024-02-04 10:27:20,114 [INFO] ThirdPartyModel:298 - Start build external matchings
2024-02-04 10:27:20,788 [INFO] ThirdPartyModel:316 - End build external matchings
2024-02-04 10:27:21,063 [INFO] UtilMem:75 - End LoadConfig() Used Memory: 520237160 Bytes (1073741824)
2024-02-04 10:27:21,097 [WARN] ThirdParty:833 - waiting for thirdparty lock release [change project]
2024-02-04 10:27:21,097 [INFO] ThirdParty:835 - entering critical section [change project]
2024-02-04 10:27:21,098 [INFO] ThirdParty:1030 - CMSIS Pack Vendor :STMicroelectronics X-CUBE-ISPU 1.1.0
2024-02-04 10:27:21,098 [INFO] ThirdParty:1030 - CMSIS Pack Vendor :STMicroelectronics USBPD 4.1
2024-02-04 10:27:21,098 [INFO] ThirdParty:1030 - CMSIS Pack Vendor :STMicroelectronics X-CUBE-GNSS1 6.0.0
2024-02-04 10:27:21,098 [INFO] ThirdParty:1030 - CMSIS Pack Vendor :STMicroelectronics USB_HOST 2.0.0
2024-02-04 10:27:21,098 [INFO] ThirdParty:1030 - CMSIS Pack Vendor :STMicroelectronics X-CUBE-AZRTOS-F4 1.1.0
2024-02-04 10:27:21,098 [INFO] ThirdParty:1030 - CMSIS Pack Vendor :STMicroelectronics LIBJPEG 8.0.0
2024-02-04 10:27:21,098 [INFO] ThirdParty:1030 - CMSIS Pack Vendor :STMicroelectronics X-CUBE-SMBUS 2.1.0
2024-02-04 10:27:21,098 [INFO] ThirdParty:1030 - CMSIS Pack Vendor :wolfSSL I-CUBE-wolfSSL 5.6.0
2024-02-04 10:27:21,098 [INFO] ThirdParty:1030 - CMSIS Pack Vendor :STMicroelectronics USB_DEVICE 3.0.0
2024-02-04 10:27:21,098 [INFO] ThirdParty:1030 - CMSIS Pack Vendor :STMicroelectronics X-CUBE-AZRTOS-WB 2.0.0
2024-02-04 10:27:21,098 [INFO] ThirdParty:1030 - CMSIS Pack Vendor :STMicroelectronics X-CUBE-FREERTOS 1.0.1
2024-02-04 10:27:21,098 [INFO] ThirdParty:1030 - CMSIS Pack Vendor :STMicroelectronics X-CUBE-TOUCHGFX 4.23.0
2024-02-04 10:27:21,098 [INFO] ThirdParty:1030 - CMSIS Pack Vendor :STMicroelectronics X-CUBE-AZRTOS-F7 1.1.0
2024-02-04 10:27:21,099 [INFO] ThirdParty:1030 - CMSIS Pack Vendor :STMicroelectronics X-CUBE-AZRTOS-L5 2.0.0
2024-02-04 10:27:21,099 [INFO] ThirdParty:1030 - CMSIS Pack Vendor :STMicroelectronics USB_DEVICE 2.0.0
2024-02-04 10:27:21,099 [INFO] ThirdParty:1030 - CMSIS Pack Vendor :STMicroelectronics X-CUBE-MEMS1 9.6.0
2024-02-04 10:27:21,099 [INFO] ThirdParty:1030 - CMSIS Pack Vendor :STMicroelectronics X-CUBE-EEPRMA1 4.2.0
2024-02-04 10:27:21,099 [INFO] ThirdParty:1030 - CMSIS Pack Vendor :ITTIA_DB I-CUBE-ITTIADB 8.8.0
2024-02-04 10:27:21,099 [INFO] ThirdParty:1030 - CMSIS Pack Vendor :STMicroelectronics FP-SNS-MOTENV1 4.3.2
2024-02-04 10:27:21,099 [INFO] ThirdParty:1030 - CMSIS Pack Vendor :STMicroelectronics FP-SNS-FLIGHT1 5.0.1
2024-02-04 10:27:21,099 [INFO] ThirdParty:1030 - CMSIS Pack Vendor :STMicroelectronics X-CUBE-ALGOBUILD 1.3.0
2024-02-04 10:27:21,099 [INFO] ThirdParty:1030 - CMSIS Pack Vendor :STMicroelectronics X-CUBE-BLE1 6.2.4
2024-02-04 10:27:21,099 [INFO] ThirdParty:1030 - CMSIS Pack Vendor :STMicroelectronics X-CUBE-AZRTOS-L5 1.1.0
2024-02-04 10:27:21,099 [INFO] ThirdParty:1030 - CMSIS Pack Vendor :STMicroelectronics FreeRTOS 0.0.1
2024-02-04 10:27:21,099 [INFO] ThirdParty:1030 - CMSIS Pack Vendor :STMicroelectronics X-CUBE-AZRTOS-G0 1.1.0
2024-02-04 10:27:21,099 [INFO] ThirdParty:1030 - CMSIS Pack Vendor :emotas I-CUBE-CANOPEN 1.1.3
2024-02-04 10:27:21,099 [INFO] ThirdParty:1030 - CMSIS Pack Vendor :STMicroelectronics X-CUBE-BLEMGR 2.0.0
2024-02-04 10:27:21,099 [INFO] ThirdParty:1030 - CMSIS Pack Vendor :STMicroelectronics X-CUBE-AI 8.0.1
2024-02-04 10:27:21,099 [INFO] ThirdParty:1030 - CMSIS Pack Vendor :STMicroelectronics X-CUBE-NFC4 3.0.0
2024-02-04 10:27:21,099 [INFO] ThirdParty:1030 - CMSIS Pack Vendor :STMicroelectronics X-CUBE-SUBG2 5.0.0
2024-02-04 10:27:21,099 [INFO] ThirdParty:1030 - CMSIS Pack Vendor :STMicroelectronics STM32_WPAN 1.0.0
2024-02-04 10:27:21,099 [INFO] ThirdParty:1030 - CMSIS Pack Vendor :STMicroelectronics lwIP 2.0.3
2024-02-04 10:27:21,100 [INFO] ThirdParty:1030 - CMSIS Pack Vendor :STMicroelectronics FP-SNS-FLIGHT1 5.0.2
2024-02-04 10:27:21,100 [INFO] ThirdParty:1030 - CMSIS Pack Vendor :STMicroelectronics USB_HOST 1.0.0
2024-02-04 10:27:21,100 [INFO] ThirdParty:1030 - CMSIS Pack Vendor :STMicroelectronics X-CUBE-TOF1 3.3.1
2024-02-04 10:27:21,100 [INFO] ThirdParty:1030 - CMSIS Pack Vendor :STMicroelectronics X-CUBE-AZRTOS-G4 2.0.0
2024-02-04 10:27:21,100 [INFO] ThirdParty:1030 - CMSIS Pack Vendor :STMicroelectronics PDM2PCM 3.1.0
2024-02-04 10:27:21,100 [INFO] ThirdParty:1030 - CMSIS Pack Vendor :STMicroelectronics X-CUBE-AZRTOS-H7 3.1.0
2024-02-04 10:27:21,100 [INFO] ThirdParty:1030 - CMSIS Pack Vendor :STMicroelectronics X-CUBE-TOF1 3.3.0
2024-02-04 10:27:21,100 [INFO] ThirdParty:1030 - CMSIS Pack Vendor :Infineon AIROC-Wi-Fi-Bluetooth-STM32 1.5.1
2024-02-04 10:27:21,100 [INFO] ThirdParty:1030 - CMSIS Pack Vendor :STMicroelectronics X-CUBE-BLEMGR 3.0.0
2024-02-04 10:27:21,100 [INFO] ThirdParty:1030 - CMSIS Pack Vendor :STMicroelectronics PDM2PCM 3.3.0
2024-02-04 10:27:21,100 [INFO] ThirdParty:1030 - CMSIS Pack Vendor :STMicroelectronics X-CUBE-DISPLAY 3.0.0
2024-02-04 10:27:21,100 [INFO] ThirdParty:1030 - CMSIS Pack Vendor :STMicroelectronics FP-SNS-MOTENVWB1 1.3.0
2024-02-04 10:27:21,100 [INFO] ThirdParty:1030 - CMSIS Pack Vendor :STMicroelectronics FP-SNS-MOTENVWB1 1.3.1
2024-02-04 10:27:21,100 [INFO] ThirdParty:1030 - CMSIS Pack Vendor :STMicroelectronics X-CUBE-BLE1 7.0.0
2024-02-04 10:27:21,100 [INFO] ThirdParty:1030 - CMSIS Pack Vendor :STMicroelectronics FP-ATR-SIGFOX1 3.2.0
2024-02-04 10:27:21,100 [INFO] ThirdParty:1030 - CMSIS Pack Vendor :STMicroelectronics X-CUBE-ISPU 2.0.0
2024-02-04 10:27:21,100 [INFO] ThirdParty:1030 - CMSIS Pack Vendor :STMicroelectronics X-CUBE-EEPRMA1 5.1.0
2024-02-04 10:27:21,100 [INFO] ThirdParty:1030 - CMSIS Pack Vendor :STMicroelectronics HAL Drivers 0.0.0
2024-02-04 10:27:21,100 [INFO] ThirdParty:1030 - CMSIS Pack Vendor :STMicroelectronics MBEDTLS 2.16.2
2024-02-04 10:27:21,100 [INFO] ThirdParty:1030 - CMSIS Pack Vendor :STMicroelectronics X-CUBE-MEMS1 10.0.0
2024-02-04 10:27:21,100 [INFO] ThirdParty:1030 - CMSIS Pack Vendor :STMicroelectronics X-CUBE-FREERTOS 1.1.0
2024-02-04 10:27:21,100 [INFO] ThirdParty:1030 - CMSIS Pack Vendor :STMicroelectronics X-CUBE-TOUCHGFX 4.22.0
2024-02-04 10:27:21,100 [INFO] ThirdParty:1030 - CMSIS Pack Vendor :STMicroelectronics X-CUBE-NFC7 1.0.1
2024-02-04 10:27:21,100 [INFO] ThirdParty:1030 - CMSIS Pack Vendor :STMicroelectronics MBEDTLS 2.14.1
2024-02-04 10:27:21,100 [INFO] ThirdParty:1030 - CMSIS Pack Vendor :STMicroelectronics X-CUBE-TOUCHGFX 4.22.1
2024-02-04 10:27:21,100 [INFO] ThirdParty:1030 - CMSIS Pack Vendor :STMicroelectronics X-CUBE-NFC6 3.0.0
2024-02-04 10:27:21,100 [INFO] ThirdParty:1030 - CMSIS Pack Vendor :STMicroelectronics X-CUBE-EEPRMA1 4.1.0
2024-02-04 10:27:21,100 [INFO] ThirdParty:1030 - CMSIS Pack Vendor :portGmbH I-Cube-SoM-uGOAL 1.1.0
2024-02-04 10:27:21,100 [INFO] ThirdParty:1030 - CMSIS Pack Vendor :STMicroelectronics X-CUBE-ALS 1.0.1
2024-02-04 10:27:21,100 [INFO] ThirdParty:1030 - CMSIS Pack Vendor :STMicroelectronics ThreadX 1.0.0
2024-02-04 10:27:21,101 [INFO] ThirdParty:1030 - CMSIS Pack Vendor :STMicroelectronics FP-SNS-SMARTAG2 1.2.0
2024-02-04 10:27:21,101 [INFO] ThirdParty:1030 - CMSIS Pack Vendor :STMicroelectronics X-CUBE-AZRTOS-WB 1.1.0
2024-02-04 10:27:21,101 [INFO] ThirdParty:1030 - CMSIS Pack Vendor :STMicroelectronics X-CUBE-AZRTOS-WL 2.0.0
2024-02-04 10:27:21,101 [INFO] ThirdParty:1030 - CMSIS Pack Vendor :SEGGER I-CUBE-embOS 1.3.1
2024-02-04 10:27:21,101 [INFO] ThirdParty:1030 - CMSIS Pack Vendor :STMicroelectronics USB_DEVICE 1.0.0
2024-02-04 10:27:21,101 [INFO] ThirdParty:1030 - CMSIS Pack Vendor :STMicroelectronics X-CUBE-AI 8.1.0
2024-02-04 10:27:21,101 [INFO] ThirdParty:1030 - CMSIS Pack Vendor :STMicroelectronics X-CUBE-AZRTOS-L4 2.0.0
2024-02-04 10:27:21,101 [INFO] ThirdParty:1030 - CMSIS Pack Vendor :STMicroelectronics ThreadX 0.0.2
2024-02-04 10:27:21,101 [INFO] ThirdParty:1030 - CMSIS Pack Vendor :WES I-CUBE-Cesium 1.3.0
2024-02-04 10:27:21,101 [INFO] ThirdParty:1030 - CMSIS Pack Vendor :STMicroelectronics FP-ATR-ASTRA1 2.0.0
2024-02-04 10:27:21,101 [INFO] ThirdParty:1030 - CMSIS Pack Vendor :STMicroelectronics lwIP 2.1.2
2024-02-04 10:27:21,101 [INFO] ThirdParty:1030 - CMSIS Pack Vendor :STMicroelectronics X-CUBE-SFXS2LP1 4.0.0
2024-02-04 10:27:21,101 [INFO] ThirdParty:1030 - CMSIS Pack Vendor :STMicroelectronics X-CUBE-BLE2 3.3.0
2024-02-04 10:27:21,101 [INFO] ThirdParty:1030 - CMSIS Pack Vendor :STMicroelectronics X-CUBE-TOF1 3.4.0
2024-02-04 10:27:21,101 [INFO] ThirdParty:1030 - CMSIS Pack Vendor :STMicroelectronics X-CUBE-AZRTOS-H7 3.2.0
2024-02-04 10:27:21,101 [INFO] ThirdParty:1030 - CMSIS Pack Vendor :STMicroelectronics PDM2PCM 3.2.0
2024-02-04 10:27:21,101 [INFO] ThirdParty:841 - exiting critical section [change project]
2024-02-04 10:27:21,397 [INFO] PinOutPanel:1499 - setPackage(No Configuration,No Configuration)
2024-02-04 10:27:21,399 [INFO] PinOutPanel:1499 - setPackage(STM32F103C8Tx,LQFP48)
2024-02-04 10:27:21,953 [INFO] UtilMem:75 - Before build in PCC Used Memory: 596936016 Bytes (1073741824)
2024-02-04 10:27:23,167 [INFO] UtilMem:75 - After build in PCC Used Memory: 758416720 Bytes (1073741824)
2024-02-04 10:27:23,193 [INFO] IPUIPlugin:80 - create IPUIPlugin
2024-02-04 10:27:23,194 [INFO] IPUIPlugin:80 - create IPUIPlugin
2024-02-04 10:27:23,194 [INFO] IPUIPlugin:80 - create IPUIPlugin
2024-02-04 10:27:23,194 [INFO] IPUIPlugin:80 - create IPUIPlugin
2024-02-04 10:27:23,194 [INFO] IPUIPlugin:80 - create IPUIPlugin
2024-02-04 10:27:23,194 [INFO] IPUIPlugin:80 - create IPUIPlugin
2024-02-04 10:27:23,194 [INFO] IPUIPlugin:80 - create IPUIPlugin
2024-02-04 10:27:23,194 [INFO] IPUIPlugin:80 - create IPUIPlugin
2024-02-04 10:27:23,194 [INFO] IPUIPlugin:80 - create IPUIPlugin
2024-02-04 10:27:23,194 [INFO] IPUIPlugin:80 - create IPUIPlugin
2024-02-04 10:27:23,195 [INFO] IPUIPlugin:80 - create IPUIPlugin
2024-02-04 10:27:23,195 [INFO] IPUIPlugin:80 - create IPUIPlugin
2024-02-04 10:27:23,195 [INFO] IPUIPlugin:80 - create IPUIPlugin
2024-02-04 10:27:23,195 [INFO] IPUIPlugin:80 - create IPUIPlugin
2024-02-04 10:27:23,195 [INFO] IPUIPlugin:80 - create IPUIPlugin
2024-02-04 10:27:23,195 [INFO] IPUIPlugin:80 - create IPUIPlugin
2024-02-04 10:27:23,195 [INFO] IPUIPlugin:80 - create IPUIPlugin
2024-02-04 10:27:23,195 [INFO] IPUIPlugin:80 - create IPUIPlugin
2024-02-04 10:27:23,196 [INFO] IPUIPlugin:80 - create IPUIPlugin
2024-02-04 10:27:23,196 [INFO] IPUIPlugin:80 - create IPUIPlugin
2024-02-04 10:27:23,196 [INFO] IPUIPlugin:80 - create IPUIPlugin
2024-02-04 10:27:23,196 [INFO] IPUIPlugin:80 - create IPUIPlugin
2024-02-04 10:27:23,196 [INFO] IPUIPlugin:80 - create IPUIPlugin
2024-02-04 10:27:23,196 [INFO] IPUIPlugin:80 - create IPUIPlugin
2024-02-04 10:27:23,197 [INFO] IPUIPlugin:80 - create IPUIPlugin
2024-02-04 10:27:23,197 [INFO] IPUIPlugin:80 - create IPUIPlugin
2024-02-04 10:27:23,197 [INFO] IPUIPlugin:80 - create IPUIPlugin
2024-02-04 10:27:23,540 [INFO] CADModel:165 - CPN selected for project levelSTM32F103C8T6
2024-02-04 10:27:23,540 [INFO] CADModel:114 - Register for checkConnection events
2024-02-04 10:27:23,592 [INFO] OpenFileManager:328 - Restore cursor
2024-02-04 10:27:24,570 [INFO] UtilMem:75 - End SaveConfig() Used Memory: 639299104 Bytes (1073741824)
2024-02-04 10:27:24,647 [INFO] UtilMem:75 - End SaveConfig() Used Memory: 657889280 Bytes (1073741824)
2024-02-04 10:27:25,112 [INFO] BlockDiagram:2759 - set Specific Code input for plugin: NVIC
2024-02-04 10:27:25,113 [INFO] BlockDiagram:2759 - set Specific Code input for plugin: RCC
2024-02-04 10:27:25,115 [INFO] CodeGenerator:799 - code generatio: config db path: C:\ST\STM32CubeIDE_1.12.1\STM32CubeIDE\plugins\com.st.stm32cube.common.mx_6.9.0.202307051724\\db\
2024-02-04 10:27:25,466 [INFO] CodeEngine:255 - oldGeneratedFile, C:\Users\dmitr\Documents\Pothole_Detector_Stm32\Pothole_Detector\MXTmpFiles\license.tmp_save
2024-02-04 10:27:25,986 [INFO] CodeEngine:279 - Generated code: C:\Users\dmitr\Documents\Pothole_Detector_Stm32\Pothole_Detector\MXTmpFiles\license.tmp
2024-02-04 10:27:26,027 [INFO] CodeEngine:255 - oldGeneratedFile, C:\Users\dmitr\Documents\Pothole_Detector_Stm32\Pothole_Detector\Core\Src\stm32f1xx_it.c_save
2024-02-04 10:27:26,249 [INFO] CodeEngine:279 - Generated code: C:\Users\dmitr\Documents\Pothole_Detector_Stm32\Pothole_Detector\Core\Src\stm32f1xx_it.c
2024-02-04 10:27:26,266 [INFO] CodeEngine:255 - oldGeneratedFile, C:\Users\dmitr\Documents\Pothole_Detector_Stm32\Pothole_Detector\Core\Inc\stm32f1xx_it.h_save
2024-02-04 10:27:26,388 [INFO] CodeEngine:279 - Generated code: C:\Users\dmitr\Documents\Pothole_Detector_Stm32\Pothole_Detector\Core\Inc\stm32f1xx_it.h
2024-02-04 10:27:26,730 [INFO] CodeEngine:255 - oldGeneratedFile, C:\Users\dmitr\Documents\Pothole_Detector_Stm32\Pothole_Detector\Core\Src\stm32f1xx_hal_msp.c_save
2024-02-04 10:27:26,927 [INFO] CodeEngine:279 - Generated code: C:\Users\dmitr\Documents\Pothole_Detector_Stm32\Pothole_Detector\Core\Src\stm32f1xx_hal_msp.c
2024-02-04 10:27:26,947 [INFO] CodeEngine:255 - oldGeneratedFile, C:\Users\dmitr\Documents\Pothole_Detector_Stm32\Pothole_Detector\MXTmpFiles\system.tmp_save
2024-02-04 10:27:27,035 [INFO] CodeEngine:279 - Generated code: C:\Users\dmitr\Documents\Pothole_Detector_Stm32\Pothole_Detector\MXTmpFiles\system.tmp
2024-02-04 10:27:27,064 [INFO] CodeEngine:311 - oldGeneratedFile, C:\Users\dmitr\Documents\Pothole_Detector_Stm32\Pothole_Detector\Core\Inc\stm32f1xx_hal_conf.h_save
2024-02-04 10:27:27,194 [INFO] CodeEngine:335 - Generated code: C:\Users\dmitr\Documents\Pothole_Detector_Stm32\Pothole_Detector\Core\Inc\stm32f1xx_hal_conf.h
2024-02-04 10:27:27,285 [INFO] CodeEngine:255 - oldGeneratedFile, C:\Users\dmitr\Documents\Pothole_Detector_Stm32\Pothole_Detector\Core\Inc\main.h_save
2024-02-04 10:27:27,420 [INFO] CodeEngine:279 - Generated code: C:\Users\dmitr\Documents\Pothole_Detector_Stm32\Pothole_Detector\Core\Inc\main.h
2024-02-04 10:27:27,434 [INFO] CodeEngine:255 - oldGeneratedFile, C:\Users\dmitr\Documents\Pothole_Detector_Stm32\Pothole_Detector\Core\Src\main.c_save
2024-02-04 10:27:27,622 [INFO] CodeEngine:279 - Generated code: C:\Users\dmitr\Documents\Pothole_Detector_Stm32\Pothole_Detector\Core\Src\main.c
2024-02-04 10:27:28,303 [INFO] ProjectBuilder:3064 - Time for Copy HAL[1] : 223mS.
2024-02-04 10:27:28,309 [INFO] ProjectBuilder:4404 - Project Generator version: 4.1.0
2024-02-04 10:27:28,541 [INFO] ConfigFileManager:1457 - The Die is : DIE410
2024-02-04 10:27:28,570 [INFO] ApiDbMcu:507 - Load IP Config File for FATFS
2024-02-04 10:27:28,605 [INFO] ApiDbMcu:507 - Load IP Config File for FREERTOS
2024-02-04 10:27:28,623 [INFO] ApiDbMcu:507 - Load IP Config File for USB_DEVICE
2024-02-04 10:27:29,628 [INFO] LogOutputStream:77 - [STDOUT_REDIRECT] 
2024-02-04 10:27:34,545 [INFO] ProjectBuilder:4626 - Time for Generating toolchain IDE Files: 6235mS.
2024-02-04 10:27:34,546 [INFO] ProjectBuilder:2935 - Time for Copy CMSIS : 1mS.
2024-02-04 10:27:34,548 [INFO] ProjectBuilder:2935 - Time for Copy CMSIS : 0mS.
2024-02-04 10:27:35,487 [INFO] McuFinderGlobals:76 - Set McuFinderConnectedMode to true
2024-02-04 10:27:35,490 [INFO] ApiDb:448 - Save user favorites file C:\Users\dmitr/.stm32cubeide/favorites.mcus.txt: 0 item(s)
2024-02-04 10:27:35,491 [INFO] ApiDb:452 - User favorites MCUs=[]
2024-02-04 10:29:27,801 [INFO] UtilMem:75 - End SaveConfig() Used Memory: 594486352 Bytes (1073741824)
2024-02-04 10:29:30,098 [INFO] UtilMem:75 - End SaveConfig() Used Memory: 736570448 Bytes (1073741824)
2024-02-04 10:29:30,366 [INFO] BlockDiagram:2759 - set Specific Code input for plugin: NVIC
2024-02-04 10:29:30,366 [INFO] BlockDiagram:2759 - set Specific Code input for plugin: USART
2024-02-04 10:29:30,366 [INFO] BlockDiagram:2759 - set Specific Code input for plugin: GPIO
2024-02-04 10:29:30,366 [INFO] BlockDiagram:2759 - set Specific Code input for plugin: RCC
2024-02-04 10:29:30,367 [INFO] CodeGenerator:799 - code generatio: config db path: C:\ST\STM32CubeIDE_1.12.1\STM32CubeIDE\plugins\com.st.stm32cube.common.mx_6.9.0.202307051724\\db\
2024-02-04 10:29:30,464 [INFO] CodeEngine:255 - oldGeneratedFile, C:\Users\dmitr\Documents\Pothole_Detector_Stm32\Pothole_Detector\MXTmpFiles\license.tmp_save
2024-02-04 10:29:30,548 [INFO] CodeEngine:279 - Generated code: C:\Users\dmitr\Documents\Pothole_Detector_Stm32\Pothole_Detector\MXTmpFiles\license.tmp
2024-02-04 10:29:30,608 [INFO] CodeEngine:255 - oldGeneratedFile, C:\Users\dmitr\Documents\Pothole_Detector_Stm32\Pothole_Detector\MXTmpFiles\gpio.tmp_save
2024-02-04 10:29:30,719 [INFO] CodeEngine:279 - Generated code: C:\Users\dmitr\Documents\Pothole_Detector_Stm32\Pothole_Detector\MXTmpFiles\gpio.tmp
2024-02-04 10:29:30,786 [INFO] CodeEngine:255 - oldGeneratedFile, C:\Users\dmitr\Documents\Pothole_Detector_Stm32\Pothole_Detector\Core\Src\stm32f1xx_it.c_save
2024-02-04 10:29:30,883 [INFO] CodeEngine:279 - Generated code: C:\Users\dmitr\Documents\Pothole_Detector_Stm32\Pothole_Detector\Core\Src\stm32f1xx_it.c
2024-02-04 10:29:30,891 [INFO] CodeEngine:255 - oldGeneratedFile, C:\Users\dmitr\Documents\Pothole_Detector_Stm32\Pothole_Detector\Core\Inc\stm32f1xx_it.h_save
2024-02-04 10:29:30,955 [INFO] CodeEngine:279 - Generated code: C:\Users\dmitr\Documents\Pothole_Detector_Stm32\Pothole_Detector\Core\Inc\stm32f1xx_it.h
2024-02-04 10:29:30,988 [INFO] CodeEngine:255 - oldGeneratedFile, C:\Users\dmitr\Documents\Pothole_Detector_Stm32\Pothole_Detector\Core\Src\stm32f1xx_hal_msp.c_save
2024-02-04 10:29:31,110 [INFO] CodeEngine:279 - Generated code: C:\Users\dmitr\Documents\Pothole_Detector_Stm32\Pothole_Detector\Core\Src\stm32f1xx_hal_msp.c
2024-02-04 10:29:31,115 [INFO] CodeEngine:255 - oldGeneratedFile, C:\Users\dmitr\Documents\Pothole_Detector_Stm32\Pothole_Detector\MXTmpFiles\system.tmp_save
2024-02-04 10:29:31,171 [INFO] CodeEngine:279 - Generated code: C:\Users\dmitr\Documents\Pothole_Detector_Stm32\Pothole_Detector\MXTmpFiles\system.tmp
2024-02-04 10:29:31,186 [INFO] CodeEngine:311 - oldGeneratedFile, C:\Users\dmitr\Documents\Pothole_Detector_Stm32\Pothole_Detector\Core\Inc\stm32f1xx_hal_conf.h_save
2024-02-04 10:29:31,275 [INFO] CodeEngine:335 - Generated code: C:\Users\dmitr\Documents\Pothole_Detector_Stm32\Pothole_Detector\Core\Inc\stm32f1xx_hal_conf.h
2024-02-04 10:29:31,324 [INFO] CodeEngine:255 - oldGeneratedFile, C:\Users\dmitr\Documents\Pothole_Detector_Stm32\Pothole_Detector\Core\Inc\main.h_save
2024-02-04 10:29:31,394 [INFO] CodeEngine:279 - Generated code: C:\Users\dmitr\Documents\Pothole_Detector_Stm32\Pothole_Detector\Core\Inc\main.h
2024-02-04 10:29:31,407 [INFO] CodeEngine:255 - oldGeneratedFile, C:\Users\dmitr\Documents\Pothole_Detector_Stm32\Pothole_Detector\Core\Src\main.c_save
2024-02-04 10:29:31,558 [INFO] CodeEngine:279 - Generated code: C:\Users\dmitr\Documents\Pothole_Detector_Stm32\Pothole_Detector\Core\Src\main.c
2024-02-04 10:29:31,985 [INFO] ProjectBuilder:3064 - Time for Copy HAL[1] : 151mS.
2024-02-04 10:29:31,989 [INFO] ProjectBuilder:4404 - Project Generator version: 4.1.0
2024-02-04 10:29:32,188 [INFO] ConfigFileManager:1457 - The Die is : DIE410
2024-02-04 10:29:33,856 [INFO] ProjectBuilder:4626 - Time for Generating toolchain IDE Files: 1868mS.
2024-02-04 10:29:33,857 [INFO] ProjectBuilder:2935 - Time for Copy CMSIS : 1mS.
2024-02-04 10:29:33,860 [INFO] ProjectBuilder:2935 - Time for Copy CMSIS : 1mS.
2024-02-04 10:29:46,311 [ERROR] LogOutputStream:75 - [STDERR_REDIRECT] 
